<?xml version="1.0" encoding="utf-8"?>
<CoverageSession xmlns:xsd="http://www.w3.org/2001/XMLSchema" xmlns:xsi="http://www.w3.org/2001/XMLSchema-instance" Version="4.7.922.0">
  <Summary numSequencePoints="376" visitedSequencePoints="369" numBranchPoints="100" visitedBranchPoints="70" sequenceCoverage="98.14" branchCoverage="70" maxCyclomaticComplexity="3" minCyclomaticComplexity="1" maxCrapScore="3" minCrapScore="1" visitedClasses="32" numClasses="33" visitedMethods="46" numMethods="52" />
  <Modules>
    <Module skippedDueTo="Filter" hash="CE-79-B6-DD-09-8E-D5-16-AC-C6-B1-26-E9-CF-06-BE-BC-94-24-A7">
      <ModulePath>C:\Program Files\dotnet\shared\Microsoft.NETCore.App\2.2.5\System.Private.CoreLib.dll</ModulePath>
      <ModuleTime>2019-04-17T13:12:02Z</ModuleTime>
      <ModuleName>System.Private.CoreLib</ModuleName>
      <Classes />
    </Module>
    <Module skippedDueTo="Filter" hash="AE-D5-69-6B-8C-DD-84-47-27-FA-F1-7C-C3-96-14-69-61-7B-1D-2B">
      <ModulePath>C:\Program Files\dotnet\sdk\2.2.107\dotnet.dll</ModulePath>
      <ModuleTime>2019-04-21T13:07:56Z</ModuleTime>
      <ModuleName>dotnet</ModuleName>
      <Classes />
    </Module>
    <Module skippedDueTo="Filter" hash="6B-23-3F-02-21-B4-92-79-FE-33-B0-73-03-D2-03-B7-BE-95-4A-C5">
      <ModulePath>C:\Program Files\dotnet\shared\Microsoft.NETCore.App\2.2.5\System.Runtime.dll</ModulePath>
      <ModuleTime>2019-04-17T13:12:02Z</ModuleTime>
      <ModuleName>System.Runtime</ModuleName>
      <Classes />
    </Module>
    <Module skippedDueTo="Filter" hash="A4-7E-EF-88-AB-4D-5A-39-16-BD-80-BE-68-BC-4C-F8-61-F8-AC-CD">
      <ModulePath>C:\Program Files\dotnet\sdk\2.2.107\Microsoft.DotNet.Cli.Utils.dll</ModulePath>
      <ModuleTime>2019-04-21T13:09:06Z</ModuleTime>
      <ModuleName>Microsoft.DotNet.Cli.Utils</ModuleName>
      <Classes />
    </Module>
    <Module skippedDueTo="Filter" hash="35-EA-BA-B4-12-C0-E0-FF-A3-65-42-B6-DE-DE-C3-54-8F-23-C6-8B">
      <ModulePath>C:\Program Files\dotnet\shared\Microsoft.NETCore.App\2.2.5\netstandard.dll</ModulePath>
      <ModuleTime>2019-04-17T13:12:02Z</ModuleTime>
      <ModuleName>netstandard</ModuleName>
      <Classes />
    </Module>
    <Module skippedDueTo="Filter" hash="DF-D6-9A-65-97-68-E2-BF-58-B4-92-16-CA-B0-B8-2B-C3-69-FD-51">
      <ModulePath>C:\Program Files\dotnet\shared\Microsoft.NETCore.App\2.2.5\System.Runtime.Extensions.dll</ModulePath>
      <ModuleTime>2019-04-17T13:12:02Z</ModuleTime>
      <ModuleName>System.Runtime.Extensions</ModuleName>
      <Classes />
    </Module>
    <Module skippedDueTo="Filter" hash="E0-D8-D0-CA-AE-74-A0-AB-22-29-21-AA-0F-69-F4-F0-3A-50-92-CD">
      <ModulePath>C:\Program Files\dotnet\shared\Microsoft.NETCore.App\2.2.5\System.Runtime.Loader.dll</ModulePath>
      <ModuleTime>2019-04-17T13:12:02Z</ModuleTime>
      <ModuleName>System.Runtime.Loader</ModuleName>
      <Classes />
    </Module>
    <Module skippedDueTo="Filter" hash="D2-26-79-64-2F-BF-0A-E6-99-02-39-02-0D-8C-49-B3-A1-5C-31-C9">
      <ModulePath>C:\Program Files\dotnet\sdk\2.2.107\Microsoft.DotNet.PlatformAbstractions.dll</ModulePath>
      <ModuleTime>2019-04-21T13:08:40Z</ModuleTime>
      <ModuleName>Microsoft.DotNet.PlatformAbstractions</ModuleName>
      <Classes />
    </Module>
    <Module skippedDueTo="Filter" hash="98-39-37-93-EA-BF-BE-DE-55-00-59-9F-57-1E-F7-BA-14-14-3E-B5">
      <ModulePath>C:\Program Files\dotnet\shared\Microsoft.NETCore.App\2.2.5\System.Runtime.InteropServices.RuntimeInformation.dll</ModulePath>
      <ModuleTime>2019-04-17T13:12:02Z</ModuleTime>
      <ModuleName>System.Runtime.InteropServices.RuntimeInformation</ModuleName>
      <Classes />
    </Module>
    <Module skippedDueTo="Filter" hash="F2-BA-CF-3E-44-B4-A5-D2-53-83-A0-48-FB-8D-98-94-F5-68-E4-AE">
      <ModulePath>C:\Program Files\dotnet\shared\Microsoft.NETCore.App\2.2.5\System.Runtime.InteropServices.dll</ModulePath>
      <ModuleTime>2019-04-17T13:12:02Z</ModuleTime>
      <ModuleName>System.Runtime.InteropServices</ModuleName>
      <Classes />
    </Module>
    <Module skippedDueTo="Filter" hash="C6-37-8E-EC-D0-22-EE-0B-36-3C-0F-8B-0B-D0-C8-DD-92-00-05-B1">
      <ModulePath>C:\Program Files\dotnet\shared\Microsoft.NETCore.App\2.2.5\System.Threading.dll</ModulePath>
      <ModuleTime>2019-04-17T13:12:02Z</ModuleTime>
      <ModuleName>System.Threading</ModuleName>
      <Classes />
    </Module>
    <Module skippedDueTo="Filter" hash="57-C0-FE-D6-5A-FF-C0-E4-C5-50-A9-AA-F9-EE-C2-08-84-88-7A-17">
      <ModulePath>C:\Program Files\dotnet\shared\Microsoft.NETCore.App\2.2.5\System.IO.FileSystem.dll</ModulePath>
      <ModuleTime>2019-04-17T13:12:00Z</ModuleTime>
      <ModuleName>System.IO.FileSystem</ModuleName>
      <Classes />
    </Module>
    <Module skippedDueTo="Filter" hash="F5-D5-4D-4F-D2-80-C3-93-30-65-27-A0-EA-81-28-80-21-FC-E8-E8">
      <ModulePath>C:\Program Files\dotnet\sdk\2.2.107\runtimes\win\lib\netcoreapp2.0\System.Text.Encoding.CodePages.dll</ModulePath>
      <ModuleTime>2019-04-21T13:06:58Z</ModuleTime>
      <ModuleName>System.Text.Encoding.CodePages</ModuleName>
      <Classes />
    </Module>
    <Module skippedDueTo="Filter" hash="C8-CC-FC-81-33-2A-A7-0F-A2-C8-BB-92-C4-DB-E5-3C-BC-B9-23-B9">
      <ModulePath>C:\Program Files\dotnet\shared\Microsoft.NETCore.App\2.2.5\System.Collections.dll</ModulePath>
      <ModuleTime>2019-04-17T13:12:00Z</ModuleTime>
      <ModuleName>System.Collections</ModuleName>
      <Classes />
    </Module>
    <Module skippedDueTo="Filter" hash="0A-B3-25-93-9E-EE-79-3B-5B-77-08-BC-EA-85-ED-2D-CD-AB-5A-D3">
      <ModulePath>C:\Program Files\dotnet\shared\Microsoft.NETCore.App\2.2.5\System.Collections.Concurrent.dll</ModulePath>
      <ModuleTime>2019-04-17T13:12:00Z</ModuleTime>
      <ModuleName>System.Collections.Concurrent</ModuleName>
      <Classes />
    </Module>
    <Module skippedDueTo="Filter" hash="C6-71-3A-80-08-A9-65-DE-36-13-2F-AD-A2-83-A5-36-4A-A3-83-E1">
      <ModulePath>C:\Program Files\dotnet\shared\Microsoft.NETCore.App\2.2.5\System.Threading.Thread.dll</ModulePath>
      <ModuleTime>2019-04-17T13:12:02Z</ModuleTime>
      <ModuleName>System.Threading.Thread</ModuleName>
      <Classes />
    </Module>
    <Module skippedDueTo="Filter" hash="32-EC-5C-05-91-9B-2C-86-A3-75-B1-A7-FC-6A-6D-E1-22-4A-37-D5">
      <ModulePath>C:\Program Files\dotnet\sdk\2.2.107\Microsoft.DotNet.Configurer.dll</ModulePath>
      <ModuleTime>2019-04-21T13:08:36Z</ModuleTime>
      <ModuleName>Microsoft.DotNet.Configurer</ModuleName>
      <Classes />
    </Module>
    <Module skippedDueTo="Filter" hash="4C-11-9C-AC-BB-E6-F8-9A-A7-45-09-64-53-96-48-16-6D-FA-97-80">
      <ModulePath>C:\Program Files\dotnet\sdk\2.2.107\Microsoft.DotNet.Cli.CommandLine.dll</ModulePath>
      <ModuleTime>2019-04-21T13:08:40Z</ModuleTime>
      <ModuleName>Microsoft.DotNet.Cli.CommandLine</ModuleName>
      <Classes />
    </Module>
    <Module skippedDueTo="Filter" hash="D4-F6-27-E8-63-63-65-DF-07-DC-D9-4B-86-D1-EF-2E-4E-D9-82-E1">
      <ModulePath>C:\Program Files\dotnet\shared\Microsoft.NETCore.App\2.2.5\System.Diagnostics.Process.dll</ModulePath>
      <ModuleTime>2019-04-17T13:12:00Z</ModuleTime>
      <ModuleName>System.Diagnostics.Process</ModuleName>
      <Classes />
    </Module>
    <Module skippedDueTo="Filter" hash="EB-3E-C7-D3-A2-B5-56-68-84-65-F5-4E-9D-AC-4C-85-66-E5-14-D9">
      <ModulePath>C:\Program Files\dotnet\sdk\2.2.107\Microsoft.DotNet.InternalAbstractions.dll</ModulePath>
      <ModuleTime>2019-04-21T13:08:44Z</ModuleTime>
      <ModuleName>Microsoft.DotNet.InternalAbstractions</ModuleName>
      <Classes />
    </Module>
    <Module skippedDueTo="Filter" hash="B0-C2-68-45-C7-29-6C-81-D7-44-58-C3-CC-1E-CD-10-0D-B2-1A-CF">
      <ModulePath>C:\Program Files\dotnet\shared\Microsoft.NETCore.App\2.2.5\System.Linq.dll</ModulePath>
      <ModuleTime>2019-04-17T13:12:00Z</ModuleTime>
      <ModuleName>System.Linq</ModuleName>
      <Classes />
    </Module>
    <Module skippedDueTo="Filter" hash="D4-48-32-18-FF-DB-C0-F5-FC-1A-43-76-F9-A7-09-CB-58-E5-E0-AE">
      <ModulePath>C:\Program Files\dotnet\sdk\2.2.107\NuGet.Frameworks.dll</ModulePath>
      <ModuleTime>2019-04-21T13:13:58Z</ModuleTime>
      <ModuleName>NuGet.Frameworks</ModuleName>
      <Classes />
    </Module>
    <Module skippedDueTo="Filter" hash="5D-4E-D0-7B-8B-5D-CC-0D-53-0D-A2-7B-86-AF-83-FA-4B-DB-18-1E">
      <ModulePath>C:\Program Files\dotnet\shared\Microsoft.NETCore.App\2.2.5\System.Console.dll</ModulePath>
      <ModuleTime>2019-04-17T13:12:00Z</ModuleTime>
      <ModuleName>System.Console</ModuleName>
      <Classes />
    </Module>
    <Module skippedDueTo="Filter" hash="CE-83-E5-13-2E-65-2E-57-19-6B-62-6F-7D-75-00-E7-AF-96-3D-07">
      <ModulePath>C:\Program Files\dotnet\shared\Microsoft.NETCore.App\2.2.5\System.IO.FileSystem.Primitives.dll</ModulePath>
      <ModuleTime>2019-04-17T13:12:00Z</ModuleTime>
      <ModuleName>System.IO.FileSystem.Primitives</ModuleName>
      <Classes />
    </Module>
    <Module skippedDueTo="Filter" hash="CF-B9-04-45-DB-58-A8-B3-AC-9C-14-DE-73-4E-D7-05-4A-F7-6C-45">
      <ModulePath>C:\Program Files\dotnet\shared\Microsoft.NETCore.App\2.2.5\System.Memory.dll</ModulePath>
      <ModuleTime>2019-04-17T13:12:00Z</ModuleTime>
      <ModuleName>System.Memory</ModuleName>
      <Classes />
    </Module>
    <Module skippedDueTo="Filter" hash="D6-EC-93-4E-B4-72-21-7A-22-D9-BF-14-FC-B5-ED-61-5E-6E-21-EC">
      <ModulePath>C:\Program Files\dotnet\shared\Microsoft.NETCore.App\2.2.5\System.IO.dll</ModulePath>
      <ModuleTime>2019-04-17T13:12:00Z</ModuleTime>
      <ModuleName>System.IO</ModuleName>
      <Classes />
    </Module>
    <Module skippedDueTo="Filter" hash="1E-8F-18-4B-4F-6F-42-63-EC-65-D4-E3-63-21-D0-41-E8-62-16-F0">
      <ModulePath>C:\Program Files\dotnet\shared\Microsoft.NETCore.App\2.2.5\System.Text.Encoding.Extensions.dll</ModulePath>
      <ModuleTime>2019-04-17T13:12:02Z</ModuleTime>
      <ModuleName>System.Text.Encoding.Extensions</ModuleName>
      <Classes />
    </Module>
    <Module skippedDueTo="Filter" hash="91-D9-8B-E2-30-B3-AA-7A-10-7E-84-AD-9F-0D-50-3A-C3-28-39-02">
      <ModulePath>C:\Program Files\dotnet\sdk\2.2.107\Microsoft.ApplicationInsights.dll</ModulePath>
      <ModuleTime>2019-04-21T13:08:32Z</ModuleTime>
      <ModuleName>Microsoft.ApplicationInsights</ModuleName>
      <Classes />
    </Module>
    <Module skippedDueTo="Filter" hash="A9-B7-3F-40-B0-72-CA-F4-E1-91-DA-D8-20-B0-80-0D-53-28-38-D6">
      <ModulePath>C:\Program Files\dotnet\shared\Microsoft.NETCore.App\2.2.5\System.Security.Cryptography.Algorithms.dll</ModulePath>
      <ModuleTime>2019-04-17T13:12:02Z</ModuleTime>
      <ModuleName>System.Security.Cryptography.Algorithms</ModuleName>
      <Classes />
    </Module>
    <Module skippedDueTo="Filter" hash="9D-FF-5F-6B-BD-05-2E-9A-6D-4D-25-22-8F-29-06-B9-58-89-5D-04">
      <ModulePath>C:\Program Files\dotnet\shared\Microsoft.NETCore.App\2.2.5\System.Reflection.Extensions.dll</ModulePath>
      <ModuleTime>2019-04-17T13:12:02Z</ModuleTime>
      <ModuleName>System.Reflection.Extensions</ModuleName>
      <Classes />
    </Module>
    <Module skippedDueTo="Filter" hash="24-FB-B0-53-91-1F-CF-C5-85-E8-DE-88-0F-5E-BD-07-3A-6A-71-E8">
      <ModulePath>C:\Program Files\dotnet\shared\Microsoft.NETCore.App\2.2.5\System.Security.Cryptography.Primitives.dll</ModulePath>
      <ModuleTime>2019-04-17T13:12:02Z</ModuleTime>
      <ModuleName>System.Security.Cryptography.Primitives</ModuleName>
      <Classes />
    </Module>
    <Module skippedDueTo="Filter" hash="A0-65-20-D1-30-FF-AA-6C-26-F8-F9-3C-D0-07-21-15-26-35-38-C5">
      <ModulePath>C:\Program Files\dotnet\shared\Microsoft.NETCore.App\2.2.5\System.Reflection.dll</ModulePath>
      <ModuleTime>2019-04-17T13:12:02Z</ModuleTime>
      <ModuleName>System.Reflection</ModuleName>
      <Classes />
    </Module>
    <Module skippedDueTo="Filter" hash="96-68-E1-DA-E4-06-EC-CE-48-5B-52-61-2A-69-25-16-5E-A8-A8-E2">
      <ModulePath>C:\Program Files\dotnet\shared\Microsoft.NETCore.App\2.2.5\System.Xml.XDocument.dll</ModulePath>
      <ModuleTime>2019-04-17T13:12:02Z</ModuleTime>
      <ModuleName>System.Xml.XDocument</ModuleName>
      <Classes />
    </Module>
    <Module skippedDueTo="Filter" hash="46-3A-A8-A2-B8-CB-0A-86-9B-3B-63-08-64-F5-09-69-4C-5D-CF-F3">
      <ModulePath>C:\Program Files\dotnet\shared\Microsoft.NETCore.App\2.2.5\System.Private.Xml.Linq.dll</ModulePath>
      <ModuleTime>2019-04-17T13:12:00Z</ModuleTime>
      <ModuleName>System.Private.Xml.Linq</ModuleName>
      <Classes />
    </Module>
    <Module skippedDueTo="Filter" hash="E4-83-0C-96-4B-5B-E1-B8-C6-96-16-72-E0-66-F6-65-51-25-64-C8">
      <ModulePath>C:\Program Files\dotnet\sdk\2.2.107\Microsoft.TemplateEngine.Cli.dll</ModulePath>
      <ModuleTime>2019-04-21T13:08:38Z</ModuleTime>
      <ModuleName>Microsoft.TemplateEngine.Cli</ModuleName>
      <Classes />
    </Module>
    <Module skippedDueTo="Filter" hash="A1-6E-91-FB-2D-BB-77-63-2F-C6-FC-AA-CB-71-18-FA-AC-9E-B4-D2">
      <ModulePath>C:\Program Files\dotnet\shared\Microsoft.NETCore.App\2.2.5\System.Resources.ResourceManager.dll</ModulePath>
      <ModuleTime>2019-04-17T13:12:02Z</ModuleTime>
      <ModuleName>System.Resources.ResourceManager</ModuleName>
      <Classes />
    </Module>
    <Module skippedDueTo="Filter" hash="36-E1-54-E3-28-D2-68-48-DC-91-9D-99-B5-7C-85-B9-4C-F3-30-1D">
      <ModulePath>C:\Program Files\dotnet\shared\Microsoft.NETCore.App\2.2.5\System.Globalization.dll</ModulePath>
      <ModuleTime>2019-04-17T13:12:00Z</ModuleTime>
      <ModuleName>System.Globalization</ModuleName>
      <Classes />
    </Module>
    <Module skippedDueTo="Filter" hash="B9-7C-DA-BE-7F-52-44-94-75-FC-89-87-47-01-C1-00-CD-98-85-FF">
      <ModulePath>C:\Program Files\dotnet\shared\Microsoft.NETCore.App\2.2.5\System.Private.Xml.dll</ModulePath>
      <ModuleTime>2019-04-17T13:12:00Z</ModuleTime>
      <ModuleName>System.Private.Xml</ModuleName>
      <Classes />
    </Module>
    <Module skippedDueTo="Filter" hash="AB-D3-EA-B3-06-AC-23-BF-13-B7-D8-6B-C1-DB-34-11-C5-F1-BD-6A">
      <ModulePath>C:\Program Files\dotnet\shared\Microsoft.NETCore.App\2.2.5\System.Text.RegularExpressions.dll</ModulePath>
      <ModuleTime>2019-04-17T13:12:02Z</ModuleTime>
      <ModuleName>System.Text.RegularExpressions</ModuleName>
      <Classes />
    </Module>
    <Module skippedDueTo="Filter" hash="F8-8F-16-21-E0-5D-1E-69-80-A8-54-12-C5-E0-CF-6E-0A-97-78-E6">
      <ModulePath>C:\Program Files\dotnet\shared\Microsoft.NETCore.App\2.2.5\System.Xml.ReaderWriter.dll</ModulePath>
      <ModuleTime>2019-04-17T13:12:02Z</ModuleTime>
      <ModuleName>System.Xml.ReaderWriter</ModuleName>
      <Classes />
    </Module>
    <Module skippedDueTo="Filter" hash="F8-74-87-65-30-AE-9F-47-CC-23-FE-41-48-19-70-97-59-4E-85-EC">
      <ModulePath>C:\Program Files\dotnet\shared\Microsoft.NETCore.App\2.2.5\System.Diagnostics.Tracing.dll</ModulePath>
      <ModuleTime>2019-04-17T13:12:00Z</ModuleTime>
      <ModuleName>System.Diagnostics.Tracing</ModuleName>
      <Classes />
    </Module>
    <Module skippedDueTo="Filter" hash="08-98-79-53-45-4A-BD-5F-3D-E7-B7-18-33-18-E5-3B-BA-1A-A0-46">
      <ModulePath>C:\Program Files\dotnet\shared\Microsoft.NETCore.App\2.2.5\System.Private.Uri.dll</ModulePath>
      <ModuleTime>2019-04-17T13:12:00Z</ModuleTime>
      <ModuleName>System.Private.Uri</ModuleName>
      <Classes />
    </Module>
    <Module skippedDueTo="Filter" hash="A1-96-95-B5-22-71-C0-2B-AB-07-DB-2B-0D-21-02-91-DC-07-7F-B0">
      <ModulePath>C:\Program Files\dotnet\shared\Microsoft.NETCore.App\2.2.5\System.Threading.Tasks.dll</ModulePath>
      <ModuleTime>2019-04-17T13:12:02Z</ModuleTime>
      <ModuleName>System.Threading.Tasks</ModuleName>
      <Classes />
    </Module>
    <Module skippedDueTo="Filter" hash="90-FD-D3-F1-29-F6-BB-B3-12-0A-14-AE-46-08-94-D5-88-A7-B1-9A">
      <ModulePath>C:\Program Files\dotnet\shared\Microsoft.NETCore.App\2.2.5\System.Buffers.dll</ModulePath>
      <ModuleTime>2019-04-17T13:12:00Z</ModuleTime>
      <ModuleName>System.Buffers</ModuleName>
      <Classes />
    </Module>
    <Module skippedDueTo="Filter" hash="C7-06-14-50-E6-0E-5D-A7-5B-14-11-3F-7A-C9-92-4E-24-97-5A-B5">
      <ModulePath>C:\Program Files\dotnet\shared\Microsoft.NETCore.App\2.2.5\System.Reflection.Emit.ILGeneration.dll</ModulePath>
      <ModuleTime>2019-04-17T13:12:02Z</ModuleTime>
      <ModuleName>System.Reflection.Emit.ILGeneration</ModuleName>
      <Classes />
    </Module>
    <Module skippedDueTo="Filter" hash="8C-17-02-EB-B9-4B-4F-64-D2-7C-58-CD-FF-F7-AA-59-89-2B-C4-E5">
      <ModulePath>C:\Program Files\dotnet\shared\Microsoft.NETCore.App\2.2.5\System.Reflection.Emit.Lightweight.dll</ModulePath>
      <ModuleTime>2019-04-17T13:12:02Z</ModuleTime>
      <ModuleName>System.Reflection.Emit.Lightweight</ModuleName>
      <Classes />
    </Module>
    <Module skippedDueTo="Filter" hash="3B-41-7A-CB-41-3D-02-23-21-55-CF-0A-58-2C-30-7E-E5-60-26-AC">
      <ModulePath>C:\Program Files\dotnet\shared\Microsoft.NETCore.App\2.2.5\System.Reflection.Primitives.dll</ModulePath>
      <ModuleTime>2019-04-17T13:12:02Z</ModuleTime>
      <ModuleName>System.Reflection.Primitives</ModuleName>
      <Classes />
    </Module>
    <Module skippedDueTo="Filter" hash="E8-EA-DC-F7-B7-95-D7-2B-97-F0-84-B2-B4-4F-D8-93-A4-44-17-69">
      <ModulePath>C:\Program Files\dotnet\sdk\2.2.107\Microsoft.TemplateEngine.Utils.dll</ModulePath>
      <ModuleTime>2019-04-21T13:08:34Z</ModuleTime>
      <ModuleName>Microsoft.TemplateEngine.Utils</ModuleName>
      <Classes />
    </Module>
    <Module skippedDueTo="Filter" hash="1B-D8-A4-13-20-22-AB-0F-BA-87-BC-00-90-96-CF-B4-9A-74-98-A7">
      <ModulePath>C:\Program Files\dotnet\shared\Microsoft.NETCore.App\2.2.5\Microsoft.Win32.Registry.dll</ModulePath>
      <ModuleTime>2019-04-17T13:12:00Z</ModuleTime>
      <ModuleName>Microsoft.Win32.Registry</ModuleName>
      <Classes />
    </Module>
    <Module skippedDueTo="Filter" hash="7F-5A-3F-B5-62-C6-06-A9-F3-A3-3F-A5-ED-87-EC-FB-2D-9C-6C-C1">
      <ModulePath>C:\Program Files\dotnet\shared\Microsoft.NETCore.App\2.2.5\System.Diagnostics.Tools.dll</ModulePath>
      <ModuleTime>2019-04-17T13:12:00Z</ModuleTime>
      <ModuleName>System.Diagnostics.Tools</ModuleName>
      <Classes />
    </Module>
    <Module skippedDueTo="Filter" hash="9C-A6-7A-0F-64-FD-59-F0-0E-C8-F9-E3-DC-D9-48-C4-40-3B-48-02">
      <ModulePath>C:\Program Files\dotnet\shared\Microsoft.NETCore.App\2.2.5\System.Diagnostics.Debug.dll</ModulePath>
      <ModuleTime>2019-04-17T13:12:00Z</ModuleTime>
      <ModuleName>System.Diagnostics.Debug</ModuleName>
      <Classes />
    </Module>
    <Module skippedDueTo="Filter" hash="95-F2-57-8B-58-62-AD-28-97-59-37-C4-87-09-88-B2-F9-DE-7B-20">
      <ModulePath>C:\Program Files\dotnet\shared\Microsoft.NETCore.App\2.2.5\System.Text.Encoding.dll</ModulePath>
      <ModuleTime>2019-04-17T13:12:02Z</ModuleTime>
      <ModuleName>System.Text.Encoding</ModuleName>
      <Classes />
    </Module>
    <Module skippedDueTo="Filter" hash="79-DB-86-59-67-13-09-83-C1-F1-B0-F6-4E-BE-A4-12-D3-DE-DD-F4">
      <ModulePath>C:\Program Files\dotnet\shared\Microsoft.NETCore.App\2.2.5\System.IO.Compression.dll</ModulePath>
      <ModuleTime>2019-04-17T13:12:00Z</ModuleTime>
      <ModuleName>System.IO.Compression</ModuleName>
      <Classes />
    </Module>
    <Module skippedDueTo="Filter" hash="6E-3D-D4-FE-8F-2F-EF-47-73-C9-82-B7-9B-56-62-FF-BC-1B-6E-DE">
      <ModulePath>C:\Program Files\dotnet\shared\Microsoft.NETCore.App\2.2.5\System.Net.Http.dll</ModulePath>
      <ModuleTime>2019-04-17T13:12:00Z</ModuleTime>
      <ModuleName>System.Net.Http</ModuleName>
      <Classes />
    </Module>
    <Module skippedDueTo="Filter" hash="49-29-C6-44-61-EC-F7-02-03-94-84-69-2A-0A-97-63-C3-D6-DC-77">
      <ModulePath>C:\Program Files\dotnet\shared\Microsoft.NETCore.App\2.2.5\System.Net.Primitives.dll</ModulePath>
      <ModuleTime>2019-04-17T13:12:00Z</ModuleTime>
      <ModuleName>System.Net.Primitives</ModuleName>
      <Classes />
    </Module>
    <Module skippedDueTo="Filter" hash="6B-21-3A-0D-5A-7E-6C-AE-14-6C-37-B8-73-FE-12-72-98-5A-3E-F3">
      <ModulePath>C:\Program Files\dotnet\sdk\2.2.107\Microsoft.Build.Framework.dll</ModulePath>
      <ModuleTime>2019-04-21T13:08:40Z</ModuleTime>
      <ModuleName>Microsoft.Build.Framework</ModuleName>
      <Classes />
    </Module>
    <Module skippedDueTo="Filter" hash="64-35-56-0E-54-9F-52-7D-0C-F1-61-77-1E-C0-6B-94-76-73-43-01">
      <ModulePath>C:\Program Files\dotnet\shared\Microsoft.NETCore.App\2.2.5\System.Net.Security.dll</ModulePath>
      <ModuleTime>2019-04-17T13:12:00Z</ModuleTime>
      <ModuleName>System.Net.Security</ModuleName>
      <Classes />
    </Module>
    <Module skippedDueTo="Filter" hash="1B-E3-54-D2-1B-1A-65-80-3A-90-36-65-C9-64-84-D4-57-C4-D4-3D">
      <ModulePath>C:\Program Files\dotnet\shared\Microsoft.NETCore.App\2.2.5\System.Security.Cryptography.X509Certificates.dll</ModulePath>
      <ModuleTime>2019-04-17T13:12:02Z</ModuleTime>
      <ModuleName>System.Security.Cryptography.X509Certificates</ModuleName>
      <Classes />
    </Module>
    <Module skippedDueTo="Filter" hash="DF-1A-5C-20-50-A6-AD-2A-E2-F8-C4-BE-2A-18-DD-80-41-B4-06-BA">
      <ModulePath>C:\Program Files\dotnet\shared\Microsoft.NETCore.App\2.2.5\System.ComponentModel.Primitives.dll</ModulePath>
      <ModuleTime>2019-04-17T13:12:00Z</ModuleTime>
      <ModuleName>System.ComponentModel.Primitives</ModuleName>
      <Classes />
    </Module>
    <Module skippedDueTo="Filter" hash="FE-1D-5C-5A-24-2A-08-C1-DF-E5-33-BD-15-57-A4-67-05-77-F9-CC">
      <ModulePath>C:\Program Files\dotnet\shared\Microsoft.NETCore.App\2.2.5\Microsoft.Win32.Primitives.dll</ModulePath>
      <ModuleTime>2019-04-17T13:12:00Z</ModuleTime>
      <ModuleName>Microsoft.Win32.Primitives</ModuleName>
      <Classes />
    </Module>
    <Module skippedDueTo="Filter" hash="02-41-9F-55-D6-EA-45-E2-03-0E-EE-70-E3-E3-14-1F-11-AF-14-B3">
      <ModulePath>C:\Program Files\dotnet\shared\Microsoft.NETCore.App\2.2.5\System.Diagnostics.DiagnosticSource.dll</ModulePath>
      <ModuleTime>2019-04-17T13:12:00Z</ModuleTime>
      <ModuleName>System.Diagnostics.DiagnosticSource</ModuleName>
      <Classes />
    </Module>
    <Module skippedDueTo="Filter" hash="C4-88-A9-5B-DD-02-BE-79-1D-B7-E7-F5-95-F6-2F-B2-52-B3-7F-F8">
      <ModulePath>C:\Program Files\dotnet\shared\Microsoft.NETCore.App\2.2.5\System.Collections.NonGeneric.dll</ModulePath>
      <ModuleTime>2019-04-17T13:12:00Z</ModuleTime>
      <ModuleName>System.Collections.NonGeneric</ModuleName>
      <Classes />
    </Module>
    <Module skippedDueTo="Filter" hash="E8-06-97-26-CA-C1-02-7F-EF-94-23-04-2C-C0-EE-E4-8D-30-1B-F1">
      <ModulePath>C:\Program Files\dotnet\shared\Microsoft.NETCore.App\2.2.5\System.Threading.Timer.dll</ModulePath>
      <ModuleTime>2019-04-17T13:12:02Z</ModuleTime>
      <ModuleName>System.Threading.Timer</ModuleName>
      <Classes />
    </Module>
    <Module skippedDueTo="Filter" hash="5E-9C-66-F8-5C-34-CB-4C-17-2E-6F-35-DC-56-6F-5E-25-8A-BB-EA">
      <ModulePath>C:\Program Files\dotnet\shared\Microsoft.NETCore.App\2.2.5\System.Net.NetworkInformation.dll</ModulePath>
      <ModuleTime>2019-04-17T13:12:00Z</ModuleTime>
      <ModuleName>System.Net.NetworkInformation</ModuleName>
      <Classes />
    </Module>
    <Module skippedDueTo="Filter" hash="B1-36-DE-DD-A9-48-89-FC-B5-30-E5-C6-9F-62-E9-02-1E-9E-D4-46">
      <ModulePath>C:\Program Files\dotnet\shared\Microsoft.NETCore.App\2.2.5\System.Net.Sockets.dll</ModulePath>
      <ModuleTime>2019-04-17T13:12:00Z</ModuleTime>
      <ModuleName>System.Net.Sockets</ModuleName>
      <Classes />
    </Module>
    <Module skippedDueTo="Filter" hash="94-42-18-88-AC-31-02-89-C2-3A-A9-E1-1F-89-02-83-21-BF-24-80">
      <ModulePath>C:\Program Files\dotnet\shared\Microsoft.NETCore.App\2.2.5\System.Threading.Overlapped.dll</ModulePath>
      <ModuleTime>2019-04-17T13:12:02Z</ModuleTime>
      <ModuleName>System.Threading.Overlapped</ModuleName>
      <Classes />
    </Module>
    <Module skippedDueTo="Filter" hash="F6-9D-FC-51-0E-FC-69-A8-2B-77-0C-78-1F-EE-6B-21-2D-97-59-44">
      <ModulePath>C:\Program Files\dotnet\shared\Microsoft.NETCore.App\2.2.5\System.Net.NameResolution.dll</ModulePath>
      <ModuleTime>2019-04-17T13:12:00Z</ModuleTime>
      <ModuleName>System.Net.NameResolution</ModuleName>
      <Classes />
    </Module>
    <Module skippedDueTo="Filter" hash="CE-79-B6-DD-09-8E-D5-16-AC-C6-B1-26-E9-CF-06-BE-BC-94-24-A7">
      <ModulePath>C:\Program Files\dotnet\shared\Microsoft.NETCore.App\2.2.5\System.Private.CoreLib.dll</ModulePath>
      <ModuleTime>2019-04-17T13:12:02Z</ModuleTime>
      <ModuleName>System.Private.CoreLib</ModuleName>
      <Classes />
    </Module>
    <Module skippedDueTo="Filter" hash="67-C4-B7-34-F3-8B-73-02-57-35-28-75-33-0D-6C-68-A9-76-DC-AA">
      <ModulePath>C:\Program Files\dotnet\shared\Microsoft.NETCore.App\2.2.5\System.Security.Principal.Windows.dll</ModulePath>
      <ModuleTime>2019-04-17T13:12:02Z</ModuleTime>
      <ModuleName>System.Security.Principal.Windows</ModuleName>
      <Classes />
    </Module>
    <Module skippedDueTo="Filter" hash="89-4E-5D-51-8B-1D-4D-3F-C5-C7-7A-B1-C2-27-3C-FB-6D-F1-8E-2A">
      <ModulePath>C:\Program Files\dotnet\shared\Microsoft.NETCore.App\2.2.5\System.Security.Claims.dll</ModulePath>
      <ModuleTime>2019-04-17T13:12:02Z</ModuleTime>
      <ModuleName>System.Security.Claims</ModuleName>
      <Classes />
    </Module>
    <Module skippedDueTo="Filter" hash="91-A6-DE-A7-FF-A5-8B-2A-BC-1B-1D-36-98-F3-68-C2-B3-31-1F-C4">
      <ModulePath>C:\Program Files\dotnet\shared\Microsoft.NETCore.App\2.2.5\System.Security.Principal.dll</ModulePath>
      <ModuleTime>2019-04-17T13:12:02Z</ModuleTime>
      <ModuleName>System.Security.Principal</ModuleName>
      <Classes />
    </Module>
    <Module skippedDueTo="Filter" hash="92-34-89-7C-7F-31-EF-D2-40-CB-A1-7E-1C-F6-60-BD-28-7C-37-5E">
      <ModulePath>C:\Program Files\dotnet\shared\Microsoft.NETCore.App\2.2.5\System.Security.Cryptography.Encoding.dll</ModulePath>
      <ModuleTime>2019-04-17T13:12:02Z</ModuleTime>
      <ModuleName>System.Security.Cryptography.Encoding</ModuleName>
      <Classes />
    </Module>
    <Module skippedDueTo="Filter" hash="B0-1C-99-22-23-1C-AB-DD-CB-18-C9-C4-40-83-A3-0B-4C-92-B9-5C">
      <ModulePath>C:\Program Files\dotnet\sdk\2.2.107\MSBuild.dll</ModulePath>
      <ModuleTime>2019-04-21T13:12:12Z</ModuleTime>
      <ModuleName>MSBuild</ModuleName>
      <Classes />
    </Module>
    <Module skippedDueTo="Filter" hash="6B-23-3F-02-21-B4-92-79-FE-33-B0-73-03-D2-03-B7-BE-95-4A-C5">
      <ModulePath>C:\Program Files\dotnet\shared\Microsoft.NETCore.App\2.2.5\System.Runtime.dll</ModulePath>
      <ModuleTime>2019-04-17T13:12:02Z</ModuleTime>
      <ModuleName>System.Runtime</ModuleName>
      <Classes />
    </Module>
    <Module skippedDueTo="Filter" hash="DF-D6-9A-65-97-68-E2-BF-58-B4-92-16-CA-B0-B8-2B-C3-69-FD-51">
      <ModulePath>C:\Program Files\dotnet\shared\Microsoft.NETCore.App\2.2.5\System.Runtime.Extensions.dll</ModulePath>
      <ModuleTime>2019-04-17T13:12:02Z</ModuleTime>
      <ModuleName>System.Runtime.Extensions</ModuleName>
      <Classes />
    </Module>
    <Module skippedDueTo="Filter" hash="C6-37-8E-EC-D0-22-EE-0B-36-3C-0F-8B-0B-D0-C8-DD-92-00-05-B1">
      <ModulePath>C:\Program Files\dotnet\shared\Microsoft.NETCore.App\2.2.5\System.Threading.dll</ModulePath>
      <ModuleTime>2019-04-17T13:12:02Z</ModuleTime>
      <ModuleName>System.Threading</ModuleName>
      <Classes />
    </Module>
    <Module skippedDueTo="Filter" hash="98-39-37-93-EA-BF-BE-DE-55-00-59-9F-57-1E-F7-BA-14-14-3E-B5">
      <ModulePath>C:\Program Files\dotnet\shared\Microsoft.NETCore.App\2.2.5\System.Runtime.InteropServices.RuntimeInformation.dll</ModulePath>
      <ModuleTime>2019-04-17T13:12:02Z</ModuleTime>
      <ModuleName>System.Runtime.InteropServices.RuntimeInformation</ModuleName>
      <Classes />
    </Module>
    <Module skippedDueTo="Filter" hash="B0-C2-68-45-C7-29-6C-81-D7-44-58-C3-CC-1E-CD-10-0D-B2-1A-CF">
      <ModulePath>C:\Program Files\dotnet\shared\Microsoft.NETCore.App\2.2.5\System.Linq.dll</ModulePath>
      <ModuleTime>2019-04-17T13:12:00Z</ModuleTime>
      <ModuleName>System.Linq</ModuleName>
      <Classes />
    </Module>
    <Module skippedDueTo="Filter" hash="AB-D3-EA-B3-06-AC-23-BF-13-B7-D8-6B-C1-DB-34-11-C5-F1-BD-6A">
      <ModulePath>C:\Program Files\dotnet\shared\Microsoft.NETCore.App\2.2.5\System.Text.RegularExpressions.dll</ModulePath>
      <ModuleTime>2019-04-17T13:12:02Z</ModuleTime>
      <ModuleName>System.Text.RegularExpressions</ModuleName>
      <Classes />
    </Module>
    <Module skippedDueTo="Filter" hash="C8-CC-FC-81-33-2A-A7-0F-A2-C8-BB-92-C4-DB-E5-3C-BC-B9-23-B9">
      <ModulePath>C:\Program Files\dotnet\shared\Microsoft.NETCore.App\2.2.5\System.Collections.dll</ModulePath>
      <ModuleTime>2019-04-17T13:12:00Z</ModuleTime>
      <ModuleName>System.Collections</ModuleName>
      <Classes />
    </Module>
    <Module skippedDueTo="Filter" hash="90-FD-D3-F1-29-F6-BB-B3-12-0A-14-AE-46-08-94-D5-88-A7-B1-9A">
      <ModulePath>C:\Program Files\dotnet\shared\Microsoft.NETCore.App\2.2.5\System.Buffers.dll</ModulePath>
      <ModuleTime>2019-04-17T13:12:00Z</ModuleTime>
      <ModuleName>System.Buffers</ModuleName>
      <Classes />
    </Module>
    <Module skippedDueTo="Filter" hash="57-C0-FE-D6-5A-FF-C0-E4-C5-50-A9-AA-F9-EE-C2-08-84-88-7A-17">
      <ModulePath>C:\Program Files\dotnet\shared\Microsoft.NETCore.App\2.2.5\System.IO.FileSystem.dll</ModulePath>
      <ModuleTime>2019-04-17T13:12:00Z</ModuleTime>
      <ModuleName>System.IO.FileSystem</ModuleName>
      <Classes />
    </Module>
    <Module skippedDueTo="Filter" hash="CF-B9-04-45-DB-58-A8-B3-AC-9C-14-DE-73-4E-D7-05-4A-F7-6C-45">
      <ModulePath>C:\Program Files\dotnet\shared\Microsoft.NETCore.App\2.2.5\System.Memory.dll</ModulePath>
      <ModuleTime>2019-04-17T13:12:00Z</ModuleTime>
      <ModuleName>System.Memory</ModuleName>
      <Classes />
    </Module>
    <Module skippedDueTo="Filter" hash="F2-BA-CF-3E-44-B4-A5-D2-53-83-A0-48-FB-8D-98-94-F5-68-E4-AE">
      <ModulePath>C:\Program Files\dotnet\shared\Microsoft.NETCore.App\2.2.5\System.Runtime.InteropServices.dll</ModulePath>
      <ModuleTime>2019-04-17T13:12:02Z</ModuleTime>
      <ModuleName>System.Runtime.InteropServices</ModuleName>
      <Classes />
    </Module>
    <Module skippedDueTo="Filter" hash="5D-4E-D0-7B-8B-5D-CC-0D-53-0D-A2-7B-86-AF-83-FA-4B-DB-18-1E">
      <ModulePath>C:\Program Files\dotnet\shared\Microsoft.NETCore.App\2.2.5\System.Console.dll</ModulePath>
      <ModuleTime>2019-04-17T13:12:00Z</ModuleTime>
      <ModuleName>System.Console</ModuleName>
      <Classes />
    </Module>
    <Module skippedDueTo="Filter" hash="DF-5D-18-AC-42-A2-EB-C5-ED-BB-6E-34-6E-C4-85-CE-AD-9C-7C-8F">
      <ModulePath>C:\Program Files\dotnet\shared\Microsoft.NETCore.App\2.2.5\System.Threading.ThreadPool.dll</ModulePath>
      <ModuleTime>2019-04-17T13:12:02Z</ModuleTime>
      <ModuleName>System.Threading.ThreadPool</ModuleName>
      <Classes />
    </Module>
    <Module skippedDueTo="Filter" hash="D4-F6-27-E8-63-63-65-DF-07-DC-D9-4B-86-D1-EF-2E-4E-D9-82-E1">
      <ModulePath>C:\Program Files\dotnet\shared\Microsoft.NETCore.App\2.2.5\System.Diagnostics.Process.dll</ModulePath>
      <ModuleTime>2019-04-17T13:12:00Z</ModuleTime>
      <ModuleName>System.Diagnostics.Process</ModuleName>
      <Classes />
    </Module>
    <Module skippedDueTo="Filter" hash="DF-1A-5C-20-50-A6-AD-2A-E2-F8-C4-BE-2A-18-DD-80-41-B4-06-BA">
      <ModulePath>C:\Program Files\dotnet\shared\Microsoft.NETCore.App\2.2.5\System.ComponentModel.Primitives.dll</ModulePath>
      <ModuleTime>2019-04-17T13:12:00Z</ModuleTime>
      <ModuleName>System.ComponentModel.Primitives</ModuleName>
      <Classes />
    </Module>
    <Module skippedDueTo="Filter" hash="6B-21-3A-0D-5A-7E-6C-AE-14-6C-37-B8-73-FE-12-72-98-5A-3E-F3">
      <ModulePath>C:\Program Files\dotnet\sdk\2.2.107\Microsoft.Build.Framework.dll</ModulePath>
      <ModuleTime>2019-04-21T13:08:40Z</ModuleTime>
      <ModuleName>Microsoft.Build.Framework</ModuleName>
      <Classes />
    </Module>
    <Module skippedDueTo="Filter" hash="35-EA-BA-B4-12-C0-E0-FF-A3-65-42-B6-DE-DE-C3-54-8F-23-C6-8B">
      <ModulePath>C:\Program Files\dotnet\shared\Microsoft.NETCore.App\2.2.5\netstandard.dll</ModulePath>
      <ModuleTime>2019-04-17T13:12:02Z</ModuleTime>
      <ModuleName>netstandard</ModuleName>
      <Classes />
    </Module>
    <Module skippedDueTo="Filter" hash="AA-0F-BD-C5-38-F0-90-AD-63-8A-2F-53-06-17-3A-76-E3-DF-42-D5">
      <ModulePath>C:\Program Files\dotnet\sdk\2.2.107\Microsoft.Build.dll</ModulePath>
      <ModuleTime>2019-04-21T13:08:40Z</ModuleTime>
      <ModuleName>Microsoft.Build</ModuleName>
      <Classes />
    </Module>
    <Module skippedDueTo="Filter" hash="F5-D5-4D-4F-D2-80-C3-93-30-65-27-A0-EA-81-28-80-21-FC-E8-E8">
      <ModulePath>C:\Program Files\dotnet\sdk\2.2.107\runtimes\win\lib\netcoreapp2.0\System.Text.Encoding.CodePages.dll</ModulePath>
      <ModuleTime>2019-04-21T13:06:58Z</ModuleTime>
      <ModuleName>System.Text.Encoding.CodePages</ModuleName>
      <Classes />
    </Module>
    <Module skippedDueTo="Filter" hash="0A-B3-25-93-9E-EE-79-3B-5B-77-08-BC-EA-85-ED-2D-CD-AB-5A-D3">
      <ModulePath>C:\Program Files\dotnet\shared\Microsoft.NETCore.App\2.2.5\System.Collections.Concurrent.dll</ModulePath>
      <ModuleTime>2019-04-17T13:12:00Z</ModuleTime>
      <ModuleName>System.Collections.Concurrent</ModuleName>
      <Classes />
    </Module>
    <Module skippedDueTo="Filter" hash="AE-D5-69-6B-8C-DD-84-47-27-FA-F1-7C-C3-96-14-69-61-7B-1D-2B">
      <ModulePath>C:\Program Files\dotnet\sdk\2.2.107\dotnet.dll</ModulePath>
      <ModuleTime>2019-04-21T13:07:56Z</ModuleTime>
      <ModuleName>dotnet</ModuleName>
      <Classes />
    </Module>
    <Module skippedDueTo="Filter" hash="BE-64-30-47-E1-41-E3-F6-6A-7F-F9-78-3A-C6-ED-2A-B3-8E-F0-9E">
      <ModulePath>C:\Program Files\dotnet\sdk\2.2.107\Microsoft.DotNet.Tools.MigrateCommand.dll</ModulePath>
      <ModuleTime>2019-04-21T13:08:38Z</ModuleTime>
      <ModuleName>Microsoft.DotNet.Tools.MigrateCommand</ModuleName>
      <Classes />
    </Module>
    <Module skippedDueTo="Filter" hash="32-EC-5C-05-91-9B-2C-86-A3-75-B1-A7-FC-6A-6D-E1-22-4A-37-D5">
      <ModulePath>C:\Program Files\dotnet\sdk\2.2.107\Microsoft.DotNet.Configurer.dll</ModulePath>
      <ModuleTime>2019-04-21T13:08:36Z</ModuleTime>
      <ModuleName>Microsoft.DotNet.Configurer</ModuleName>
      <Classes />
    </Module>
    <Module skippedDueTo="Filter" hash="A4-7E-EF-88-AB-4D-5A-39-16-BD-80-BE-68-BC-4C-F8-61-F8-AC-CD">
      <ModulePath>C:\Program Files\dotnet\sdk\2.2.107\Microsoft.DotNet.Cli.Utils.dll</ModulePath>
      <ModuleTime>2019-04-21T13:09:06Z</ModuleTime>
      <ModuleName>Microsoft.DotNet.Cli.Utils</ModuleName>
      <Classes />
    </Module>
    <Module skippedDueTo="Filter" hash="D4-48-32-18-FF-DB-C0-F5-FC-1A-43-76-F9-A7-09-CB-58-E5-E0-AE">
      <ModulePath>C:\Program Files\dotnet\sdk\2.2.107\NuGet.Frameworks.dll</ModulePath>
      <ModuleTime>2019-04-21T13:13:58Z</ModuleTime>
      <ModuleName>NuGet.Frameworks</ModuleName>
      <Classes />
    </Module>
    <Module skippedDueTo="Filter" hash="EB-3E-C7-D3-A2-B5-56-68-84-65-F5-4E-9D-AC-4C-85-66-E5-14-D9">
      <ModulePath>C:\Program Files\dotnet\sdk\2.2.107\Microsoft.DotNet.InternalAbstractions.dll</ModulePath>
      <ModuleTime>2019-04-21T13:08:44Z</ModuleTime>
      <ModuleName>Microsoft.DotNet.InternalAbstractions</ModuleName>
      <Classes />
    </Module>
    <Module skippedDueTo="Filter" hash="CE-83-E5-13-2E-65-2E-57-19-6B-62-6F-7D-75-00-E7-AF-96-3D-07">
      <ModulePath>C:\Program Files\dotnet\shared\Microsoft.NETCore.App\2.2.5\System.IO.FileSystem.Primitives.dll</ModulePath>
      <ModuleTime>2019-04-17T13:12:00Z</ModuleTime>
      <ModuleName>System.IO.FileSystem.Primitives</ModuleName>
      <Classes />
    </Module>
    <Module skippedDueTo="Filter" hash="1E-8F-18-4B-4F-6F-42-63-EC-65-D4-E3-63-21-D0-41-E8-62-16-F0">
      <ModulePath>C:\Program Files\dotnet\shared\Microsoft.NETCore.App\2.2.5\System.Text.Encoding.Extensions.dll</ModulePath>
      <ModuleTime>2019-04-17T13:12:02Z</ModuleTime>
      <ModuleName>System.Text.Encoding.Extensions</ModuleName>
      <Classes />
    </Module>
    <Module skippedDueTo="Filter" hash="91-D9-8B-E2-30-B3-AA-7A-10-7E-84-AD-9F-0D-50-3A-C3-28-39-02">
      <ModulePath>C:\Program Files\dotnet\sdk\2.2.107\Microsoft.ApplicationInsights.dll</ModulePath>
      <ModuleTime>2019-04-21T13:08:32Z</ModuleTime>
      <ModuleName>Microsoft.ApplicationInsights</ModuleName>
      <Classes />
    </Module>
    <Module skippedDueTo="Filter" hash="D2-26-79-64-2F-BF-0A-E6-99-02-39-02-0D-8C-49-B3-A1-5C-31-C9">
      <ModulePath>C:\Program Files\dotnet\sdk\2.2.107\Microsoft.DotNet.PlatformAbstractions.dll</ModulePath>
      <ModuleTime>2019-04-21T13:08:40Z</ModuleTime>
      <ModuleName>Microsoft.DotNet.PlatformAbstractions</ModuleName>
      <Classes />
    </Module>
    <Module skippedDueTo="Filter" hash="9D-FF-5F-6B-BD-05-2E-9A-6D-4D-25-22-8F-29-06-B9-58-89-5D-04">
      <ModulePath>C:\Program Files\dotnet\shared\Microsoft.NETCore.App\2.2.5\System.Reflection.Extensions.dll</ModulePath>
      <ModuleTime>2019-04-17T13:12:02Z</ModuleTime>
      <ModuleName>System.Reflection.Extensions</ModuleName>
      <Classes />
    </Module>
    <Module skippedDueTo="Filter" hash="A0-65-20-D1-30-FF-AA-6C-26-F8-F9-3C-D0-07-21-15-26-35-38-C5">
      <ModulePath>C:\Program Files\dotnet\shared\Microsoft.NETCore.App\2.2.5\System.Reflection.dll</ModulePath>
      <ModuleTime>2019-04-17T13:12:02Z</ModuleTime>
      <ModuleName>System.Reflection</ModuleName>
      <Classes />
    </Module>
    <Module skippedDueTo="Filter" hash="96-68-E1-DA-E4-06-EC-CE-48-5B-52-61-2A-69-25-16-5E-A8-A8-E2">
      <ModulePath>C:\Program Files\dotnet\shared\Microsoft.NETCore.App\2.2.5\System.Xml.XDocument.dll</ModulePath>
      <ModuleTime>2019-04-17T13:12:02Z</ModuleTime>
      <ModuleName>System.Xml.XDocument</ModuleName>
      <Classes />
    </Module>
    <Module skippedDueTo="Filter" hash="46-3A-A8-A2-B8-CB-0A-86-9B-3B-63-08-64-F5-09-69-4C-5D-CF-F3">
      <ModulePath>C:\Program Files\dotnet\shared\Microsoft.NETCore.App\2.2.5\System.Private.Xml.Linq.dll</ModulePath>
      <ModuleTime>2019-04-17T13:12:00Z</ModuleTime>
      <ModuleName>System.Private.Xml.Linq</ModuleName>
      <Classes />
    </Module>
    <Module skippedDueTo="Filter" hash="B9-7C-DA-BE-7F-52-44-94-75-FC-89-87-47-01-C1-00-CD-98-85-FF">
      <ModulePath>C:\Program Files\dotnet\shared\Microsoft.NETCore.App\2.2.5\System.Private.Xml.dll</ModulePath>
      <ModuleTime>2019-04-17T13:12:00Z</ModuleTime>
      <ModuleName>System.Private.Xml</ModuleName>
      <Classes />
    </Module>
    <Module skippedDueTo="Filter" hash="F8-8F-16-21-E0-5D-1E-69-80-A8-54-12-C5-E0-CF-6E-0A-97-78-E6">
      <ModulePath>C:\Program Files\dotnet\shared\Microsoft.NETCore.App\2.2.5\System.Xml.ReaderWriter.dll</ModulePath>
      <ModuleTime>2019-04-17T13:12:02Z</ModuleTime>
      <ModuleName>System.Xml.ReaderWriter</ModuleName>
      <Classes />
    </Module>
    <Module skippedDueTo="Filter" hash="F8-74-87-65-30-AE-9F-47-CC-23-FE-41-48-19-70-97-59-4E-85-EC">
      <ModulePath>C:\Program Files\dotnet\shared\Microsoft.NETCore.App\2.2.5\System.Diagnostics.Tracing.dll</ModulePath>
      <ModuleTime>2019-04-17T13:12:00Z</ModuleTime>
      <ModuleName>System.Diagnostics.Tracing</ModuleName>
      <Classes />
    </Module>
    <Module skippedDueTo="Filter" hash="08-98-79-53-45-4A-BD-5F-3D-E7-B7-18-33-18-E5-3B-BA-1A-A0-46">
      <ModulePath>C:\Program Files\dotnet\shared\Microsoft.NETCore.App\2.2.5\System.Private.Uri.dll</ModulePath>
      <ModuleTime>2019-04-17T13:12:00Z</ModuleTime>
      <ModuleName>System.Private.Uri</ModuleName>
      <Classes />
    </Module>
    <Module skippedDueTo="Filter" hash="A1-96-95-B5-22-71-C0-2B-AB-07-DB-2B-0D-21-02-91-DC-07-7F-B0">
      <ModulePath>C:\Program Files\dotnet\shared\Microsoft.NETCore.App\2.2.5\System.Threading.Tasks.dll</ModulePath>
      <ModuleTime>2019-04-17T13:12:02Z</ModuleTime>
      <ModuleName>System.Threading.Tasks</ModuleName>
      <Classes />
    </Module>
    <Module skippedDueTo="Filter" hash="36-E1-54-E3-28-D2-68-48-DC-91-9D-99-B5-7C-85-B9-4C-F3-30-1D">
      <ModulePath>C:\Program Files\dotnet\shared\Microsoft.NETCore.App\2.2.5\System.Globalization.dll</ModulePath>
      <ModuleTime>2019-04-17T13:12:00Z</ModuleTime>
      <ModuleName>System.Globalization</ModuleName>
      <Classes />
    </Module>
    <Module skippedDueTo="Filter" hash="EB-D2-24-16-24-3D-4B-C6-4F-3E-11-5E-1C-B9-56-AE-28-2A-27-41">
      <ModulePath>C:\Program Files\dotnet\shared\Microsoft.NETCore.App\2.2.5\System.Threading.Tasks.Dataflow.dll</ModulePath>
      <ModuleTime>2019-04-17T13:12:02Z</ModuleTime>
      <ModuleName>System.Threading.Tasks.Dataflow</ModuleName>
      <Classes />
    </Module>
    <Module skippedDueTo="Filter" hash="A9-B7-3F-40-B0-72-CA-F4-E1-91-DA-D8-20-B0-80-0D-53-28-38-D6">
      <ModulePath>C:\Program Files\dotnet\shared\Microsoft.NETCore.App\2.2.5\System.Security.Cryptography.Algorithms.dll</ModulePath>
      <ModuleTime>2019-04-17T13:12:02Z</ModuleTime>
      <ModuleName>System.Security.Cryptography.Algorithms</ModuleName>
      <Classes />
    </Module>
    <Module skippedDueTo="Filter" hash="24-FB-B0-53-91-1F-CF-C5-85-E8-DE-88-0F-5E-BD-07-3A-6A-71-E8">
      <ModulePath>C:\Program Files\dotnet\shared\Microsoft.NETCore.App\2.2.5\System.Security.Cryptography.Primitives.dll</ModulePath>
      <ModuleTime>2019-04-17T13:12:02Z</ModuleTime>
      <ModuleName>System.Security.Cryptography.Primitives</ModuleName>
      <Classes />
    </Module>
    <Module skippedDueTo="Filter" hash="1B-D8-A4-13-20-22-AB-0F-BA-87-BC-00-90-96-CF-B4-9A-74-98-A7">
      <ModulePath>C:\Program Files\dotnet\shared\Microsoft.NETCore.App\2.2.5\Microsoft.Win32.Registry.dll</ModulePath>
      <ModuleTime>2019-04-17T13:12:00Z</ModuleTime>
      <ModuleName>Microsoft.Win32.Registry</ModuleName>
      <Classes />
    </Module>
    <Module skippedDueTo="Filter" hash="A1-6E-91-FB-2D-BB-77-63-2F-C6-FC-AA-CB-71-18-FA-AC-9E-B4-D2">
      <ModulePath>C:\Program Files\dotnet\shared\Microsoft.NETCore.App\2.2.5\System.Resources.ResourceManager.dll</ModulePath>
      <ModuleTime>2019-04-17T13:12:02Z</ModuleTime>
      <ModuleName>System.Resources.ResourceManager</ModuleName>
      <Classes />
    </Module>
    <Module skippedDueTo="Filter" hash="C6-E8-49-15-FF-00-3D-96-12-D4-49-C6-69-81-40-E1-03-AB-4D-5C">
      <ModulePath>C:\Program Files\dotnet\shared\Microsoft.NETCore.App\2.2.5\System.ObjectModel.dll</ModulePath>
      <ModuleTime>2019-04-17T13:12:00Z</ModuleTime>
      <ModuleName>System.ObjectModel</ModuleName>
      <Classes />
    </Module>
    <Module skippedDueTo="Filter" hash="C6-71-3A-80-08-A9-65-DE-36-13-2F-AD-A2-83-A5-36-4A-A3-83-E1">
      <ModulePath>C:\Program Files\dotnet\shared\Microsoft.NETCore.App\2.2.5\System.Threading.Thread.dll</ModulePath>
      <ModuleTime>2019-04-17T13:12:02Z</ModuleTime>
      <ModuleName>System.Threading.Thread</ModuleName>
      <Classes />
    </Module>
    <Module skippedDueTo="Filter" hash="A9-B4-56-88-1C-AE-DC-5C-E9-8D-01-C1-90-C2-7B-16-34-19-5B-08">
      <ModulePath>C:\Program Files\dotnet\shared\Microsoft.NETCore.App\2.2.5\System.Diagnostics.TraceSource.dll</ModulePath>
      <ModuleTime>2019-04-17T13:12:00Z</ModuleTime>
      <ModuleName>System.Diagnostics.TraceSource</ModuleName>
      <Classes />
    </Module>
    <Module skippedDueTo="Filter" hash="9D-C0-5C-FE-1B-3A-41-F8-19-BE-6D-D7-89-95-57-D1-AD-5E-42-0D">
      <ModulePath>C:\Program Files\dotnet\shared\Microsoft.NETCore.App\2.2.5\System.Collections.Immutable.dll</ModulePath>
      <ModuleTime>2019-04-17T13:12:00Z</ModuleTime>
      <ModuleName>System.Collections.Immutable</ModuleName>
      <Classes />
    </Module>
    <Module skippedDueTo="Filter" hash="4E-34-31-DF-0D-49-78-38-29-01-89-3C-33-16-97-F2-57-0D-11-BB">
      <ModulePath>C:\Program Files\dotnet\shared\Microsoft.NETCore.App\2.2.5\System.Runtime.Serialization.Xml.dll</ModulePath>
      <ModuleTime>2019-04-17T13:12:02Z</ModuleTime>
      <ModuleName>System.Runtime.Serialization.Xml</ModuleName>
      <Classes />
    </Module>
    <Module skippedDueTo="Filter" hash="1B-D6-83-1E-19-37-C7-4B-C8-22-DC-90-66-1C-D8-CD-8A-0C-24-B9">
      <ModulePath>C:\Program Files\dotnet\shared\Microsoft.NETCore.App\2.2.5\System.Private.DataContractSerialization.dll</ModulePath>
      <ModuleTime>2019-04-17T13:12:00Z</ModuleTime>
      <ModuleName>System.Private.DataContractSerialization</ModuleName>
      <Classes />
    </Module>
    <Module skippedDueTo="Filter" hash="B7-77-B5-0D-28-8A-81-54-24-DA-90-23-AA-69-5E-25-5B-C1-84-AD">
      <ModulePath>C:\Program Files\dotnet\shared\Microsoft.NETCore.App\2.2.5\System.Runtime.Serialization.Primitives.dll</ModulePath>
      <ModuleTime>2019-04-17T13:12:02Z</ModuleTime>
      <ModuleName>System.Runtime.Serialization.Primitives</ModuleName>
      <Classes />
    </Module>
    <Module skippedDueTo="Filter" hash="C7-06-14-50-E6-0E-5D-A7-5B-14-11-3F-7A-C9-92-4E-24-97-5A-B5">
      <ModulePath>C:\Program Files\dotnet\shared\Microsoft.NETCore.App\2.2.5\System.Reflection.Emit.ILGeneration.dll</ModulePath>
      <ModuleTime>2019-04-17T13:12:02Z</ModuleTime>
      <ModuleName>System.Reflection.Emit.ILGeneration</ModuleName>
      <Classes />
    </Module>
    <Module skippedDueTo="Filter" hash="8C-17-02-EB-B9-4B-4F-64-D2-7C-58-CD-FF-F7-AA-59-89-2B-C4-E5">
      <ModulePath>C:\Program Files\dotnet\shared\Microsoft.NETCore.App\2.2.5\System.Reflection.Emit.Lightweight.dll</ModulePath>
      <ModuleTime>2019-04-17T13:12:02Z</ModuleTime>
      <ModuleName>System.Reflection.Emit.Lightweight</ModuleName>
      <Classes />
    </Module>
    <Module skippedDueTo="Filter" hash="3B-41-7A-CB-41-3D-02-23-21-55-CF-0A-58-2C-30-7E-E5-60-26-AC">
      <ModulePath>C:\Program Files\dotnet\shared\Microsoft.NETCore.App\2.2.5\System.Reflection.Primitives.dll</ModulePath>
      <ModuleTime>2019-04-17T13:12:02Z</ModuleTime>
      <ModuleName>System.Reflection.Primitives</ModuleName>
      <Classes />
    </Module>
    <Module skippedDueTo="Filter" hash="00-63-91-E8-57-EA-B9-1C-22-0E-33-5D-59-13-44-F4-FC-F0-AE-11">
      <ModulePath>C:\Program Files\dotnet\shared\Microsoft.NETCore.App\2.2.5\System.Runtime.Serialization.Formatters.dll</ModulePath>
      <ModuleTime>2019-04-17T13:12:02Z</ModuleTime>
      <ModuleName>System.Runtime.Serialization.Formatters</ModuleName>
      <Classes />
    </Module>
    <Module skippedDueTo="Filter" hash="E0-D8-D0-CA-AE-74-A0-AB-22-29-21-AA-0F-69-F4-F0-3A-50-92-CD">
      <ModulePath>C:\Program Files\dotnet\shared\Microsoft.NETCore.App\2.2.5\System.Runtime.Loader.dll</ModulePath>
      <ModuleTime>2019-04-17T13:12:02Z</ModuleTime>
      <ModuleName>System.Runtime.Loader</ModuleName>
      <Classes />
    </Module>
    <Module skippedDueTo="Filter" hash="5C-73-66-C0-CD-BF-8D-DF-A6-08-EB-1A-DD-3C-12-A0-52-5E-36-5E">
      <ModulePath>C:\Program Files\dotnet\sdk\2.2.107\Microsoft.Build.NuGetSdkResolver.dll</ModulePath>
      <ModuleTime>2019-04-21T13:09:06Z</ModuleTime>
      <ModuleName>Microsoft.Build.NuGetSdkResolver</ModuleName>
      <Classes />
    </Module>
    <Module skippedDueTo="Filter" hash="CD-1F-1F-55-FB-D0-B6-D0-BB-A9-66-1E-A0-60-C7-66-B7-FC-04-C5">
      <ModulePath>C:\Program Files\dotnet\shared\Microsoft.NETCore.App\2.2.5\System.Diagnostics.FileVersionInfo.dll</ModulePath>
      <ModuleTime>2019-04-17T13:12:00Z</ModuleTime>
      <ModuleName>System.Diagnostics.FileVersionInfo</ModuleName>
      <Classes />
    </Module>
    <Module skippedDueTo="Filter" hash="4D-7E-78-4B-78-AE-A9-E9-C5-F4-ED-C0-8C-FE-2B-7E-19-96-E6-30">
      <ModulePath>C:\Program Files\dotnet\shared\Microsoft.NETCore.App\2.2.5\System.Threading.Tasks.Parallel.dll</ModulePath>
      <ModuleTime>2019-04-17T13:12:02Z</ModuleTime>
      <ModuleName>System.Threading.Tasks.Parallel</ModuleName>
      <Classes />
    </Module>
    <Module skippedDueTo="Filter" hash="E1-6B-77-86-63-EC-E4-3B-CD-17-09-75-54-49-64-D5-30-B4-9A-AC">
      <ModulePath>C:\Program Files\dotnet\sdk\2.2.107\Microsoft.Build.Utilities.Core.dll</ModulePath>
      <ModuleTime>2019-04-21T13:08:44Z</ModuleTime>
      <ModuleName>Microsoft.Build.Utilities.Core</ModuleName>
      <Classes />
    </Module>
    <Module skippedDueTo="Filter" hash="AE-5A-EC-90-EC-7D-70-60-53-2D-6A-D1-53-54-44-13-12-EA-3B-0A">
      <ModulePath>C:\Program Files\dotnet\sdk\2.2.107\Microsoft.Build.Tasks.Core.dll</ModulePath>
      <ModuleTime>2019-04-21T13:08:36Z</ModuleTime>
      <ModuleName>Microsoft.Build.Tasks.Core</ModuleName>
      <Classes />
    </Module>
    <Module skippedDueTo="Filter" hash="DF-5D-18-AC-42-A2-EB-C5-ED-BB-6E-34-6E-C4-85-CE-AD-9C-7C-8F">
      <ModulePath>C:\Program Files\dotnet\shared\Microsoft.NETCore.App\2.2.5\System.Threading.ThreadPool.dll</ModulePath>
      <ModuleTime>2019-04-17T13:12:02Z</ModuleTime>
      <ModuleName>System.Threading.ThreadPool</ModuleName>
      <Classes />
    </Module>
    <Module skippedDueTo="Filter" hash="D8-EB-73-AF-B7-01-2A-7C-C6-83-85-D3-96-65-D2-B4-42-FC-5C-57">
      <ModulePath>C:\Program Files\dotnet\sdk\2.2.107\NuGet.Build.Tasks.dll</ModulePath>
      <ModuleTime>2019-04-21T13:13:50Z</ModuleTime>
      <ModuleName>NuGet.Build.Tasks</ModuleName>
      <Classes />
    </Module>
    <Module skippedDueTo="Filter" hash="AA-F6-9B-F4-C6-A3-1A-0E-94-A5-8C-41-3B-9D-4C-52-CB-0F-45-4E">
      <ModulePath>C:\Program Files\dotnet\sdk\2.2.107\NuGet.Commands.dll</ModulePath>
      <ModuleTime>2019-04-21T13:14:00Z</ModuleTime>
      <ModuleName>NuGet.Commands</ModuleName>
      <Classes />
    </Module>
    <Module skippedDueTo="Filter" hash="9C-1F-DA-44-8C-9D-99-46-6B-4A-70-F9-B8-35-16-10-0E-2D-EE-4A">
      <ModulePath>C:\Program Files\dotnet\sdk\2.2.107\NuGet.Common.dll</ModulePath>
      <ModuleTime>2019-04-21T13:13:56Z</ModuleTime>
      <ModuleName>NuGet.Common</ModuleName>
      <Classes />
    </Module>
    <Module skippedDueTo="Filter" hash="C4-88-A9-5B-DD-02-BE-79-1D-B7-E7-F5-95-F6-2F-B2-52-B3-7F-F8">
      <ModulePath>C:\Program Files\dotnet\shared\Microsoft.NETCore.App\2.2.5\System.Collections.NonGeneric.dll</ModulePath>
      <ModuleTime>2019-04-17T13:12:00Z</ModuleTime>
      <ModuleName>System.Collections.NonGeneric</ModuleName>
      <Classes />
    </Module>
    <Module skippedDueTo="Filter" hash="FE-1D-5C-5A-24-2A-08-C1-DF-E5-33-BD-15-57-A4-67-05-77-F9-CC">
      <ModulePath>C:\Program Files\dotnet\shared\Microsoft.NETCore.App\2.2.5\Microsoft.Win32.Primitives.dll</ModulePath>
      <ModuleTime>2019-04-17T13:12:00Z</ModuleTime>
      <ModuleName>Microsoft.Win32.Primitives</ModuleName>
      <Classes />
    </Module>
    <Module skippedDueTo="Filter" hash="82-FA-F6-74-6E-A5-71-16-EB-67-EA-69-87-7C-B1-01-C7-D4-72-CF">
      <ModulePath>C:\Program Files\dotnet\shared\Microsoft.NETCore.App\2.2.5\System.IO.Pipes.dll</ModulePath>
      <ModuleTime>2019-04-17T13:12:00Z</ModuleTime>
      <ModuleName>System.IO.Pipes</ModuleName>
      <Classes />
    </Module>
    <Module skippedDueTo="Filter" hash="91-A6-DE-A7-FF-A5-8B-2A-BC-1B-1D-36-98-F3-68-C2-B3-31-1F-C4">
      <ModulePath>C:\Program Files\dotnet\shared\Microsoft.NETCore.App\2.2.5\System.Security.Principal.dll</ModulePath>
      <ModuleTime>2019-04-17T13:12:02Z</ModuleTime>
      <ModuleName>System.Security.Principal</ModuleName>
      <Classes />
    </Module>
    <Module skippedDueTo="Filter" hash="1E-59-17-CF-8D-A0-6D-B9-2C-B0-AF-65-0B-55-E0-A4-59-12-3B-F2">
      <ModulePath>C:\Program Files\dotnet\shared\Microsoft.NETCore.App\2.2.5\System.ComponentModel.dll</ModulePath>
      <ModuleTime>2019-04-17T13:12:00Z</ModuleTime>
      <ModuleName>System.ComponentModel</ModuleName>
      <Classes />
    </Module>
    <Module skippedDueTo="Filter" hash="CE-79-B6-DD-09-8E-D5-16-AC-C6-B1-26-E9-CF-06-BE-BC-94-24-A7">
      <ModulePath>C:\Program Files\dotnet\shared\Microsoft.NETCore.App\2.2.5\System.Private.CoreLib.dll</ModulePath>
      <ModuleTime>2019-04-17T13:12:02Z</ModuleTime>
      <ModuleName>System.Private.CoreLib</ModuleName>
      <Classes />
    </Module>
    <Module skippedDueTo="Filter" hash="B0-1C-99-22-23-1C-AB-DD-CB-18-C9-C4-40-83-A3-0B-4C-92-B9-5C">
      <ModulePath>C:\Program Files\dotnet\sdk\2.2.107\MSBuild.dll</ModulePath>
      <ModuleTime>2019-04-21T13:12:12Z</ModuleTime>
      <ModuleName>MSBuild</ModuleName>
      <Classes />
    </Module>
    <Module skippedDueTo="Filter" hash="6B-23-3F-02-21-B4-92-79-FE-33-B0-73-03-D2-03-B7-BE-95-4A-C5">
      <ModulePath>C:\Program Files\dotnet\shared\Microsoft.NETCore.App\2.2.5\System.Runtime.dll</ModulePath>
      <ModuleTime>2019-04-17T13:12:02Z</ModuleTime>
      <ModuleName>System.Runtime</ModuleName>
      <Classes />
    </Module>
    <Module skippedDueTo="Filter" hash="DF-D6-9A-65-97-68-E2-BF-58-B4-92-16-CA-B0-B8-2B-C3-69-FD-51">
      <ModulePath>C:\Program Files\dotnet\shared\Microsoft.NETCore.App\2.2.5\System.Runtime.Extensions.dll</ModulePath>
      <ModuleTime>2019-04-17T13:12:02Z</ModuleTime>
      <ModuleName>System.Runtime.Extensions</ModuleName>
      <Classes />
    </Module>
    <Module skippedDueTo="Filter" hash="C6-37-8E-EC-D0-22-EE-0B-36-3C-0F-8B-0B-D0-C8-DD-92-00-05-B1">
      <ModulePath>C:\Program Files\dotnet\shared\Microsoft.NETCore.App\2.2.5\System.Threading.dll</ModulePath>
      <ModuleTime>2019-04-17T13:12:02Z</ModuleTime>
      <ModuleName>System.Threading</ModuleName>
      <Classes />
    </Module>
    <Module skippedDueTo="Filter" hash="98-39-37-93-EA-BF-BE-DE-55-00-59-9F-57-1E-F7-BA-14-14-3E-B5">
      <ModulePath>C:\Program Files\dotnet\shared\Microsoft.NETCore.App\2.2.5\System.Runtime.InteropServices.RuntimeInformation.dll</ModulePath>
      <ModuleTime>2019-04-17T13:12:02Z</ModuleTime>
      <ModuleName>System.Runtime.InteropServices.RuntimeInformation</ModuleName>
      <Classes />
    </Module>
    <Module skippedDueTo="Filter" hash="B0-C2-68-45-C7-29-6C-81-D7-44-58-C3-CC-1E-CD-10-0D-B2-1A-CF">
      <ModulePath>C:\Program Files\dotnet\shared\Microsoft.NETCore.App\2.2.5\System.Linq.dll</ModulePath>
      <ModuleTime>2019-04-17T13:12:00Z</ModuleTime>
      <ModuleName>System.Linq</ModuleName>
      <Classes />
    </Module>
    <Module skippedDueTo="Filter" hash="AB-D3-EA-B3-06-AC-23-BF-13-B7-D8-6B-C1-DB-34-11-C5-F1-BD-6A">
      <ModulePath>C:\Program Files\dotnet\shared\Microsoft.NETCore.App\2.2.5\System.Text.RegularExpressions.dll</ModulePath>
      <ModuleTime>2019-04-17T13:12:02Z</ModuleTime>
      <ModuleName>System.Text.RegularExpressions</ModuleName>
      <Classes />
    </Module>
    <Module skippedDueTo="Filter" hash="C8-CC-FC-81-33-2A-A7-0F-A2-C8-BB-92-C4-DB-E5-3C-BC-B9-23-B9">
      <ModulePath>C:\Program Files\dotnet\shared\Microsoft.NETCore.App\2.2.5\System.Collections.dll</ModulePath>
      <ModuleTime>2019-04-17T13:12:00Z</ModuleTime>
      <ModuleName>System.Collections</ModuleName>
      <Classes />
    </Module>
    <Module skippedDueTo="Filter" hash="90-FD-D3-F1-29-F6-BB-B3-12-0A-14-AE-46-08-94-D5-88-A7-B1-9A">
      <ModulePath>C:\Program Files\dotnet\shared\Microsoft.NETCore.App\2.2.5\System.Buffers.dll</ModulePath>
      <ModuleTime>2019-04-17T13:12:00Z</ModuleTime>
      <ModuleName>System.Buffers</ModuleName>
      <Classes />
    </Module>
    <Module skippedDueTo="Filter" hash="57-C0-FE-D6-5A-FF-C0-E4-C5-50-A9-AA-F9-EE-C2-08-84-88-7A-17">
      <ModulePath>C:\Program Files\dotnet\shared\Microsoft.NETCore.App\2.2.5\System.IO.FileSystem.dll</ModulePath>
      <ModuleTime>2019-04-17T13:12:00Z</ModuleTime>
      <ModuleName>System.IO.FileSystem</ModuleName>
      <Classes />
    </Module>
    <Module skippedDueTo="Filter" hash="CF-B9-04-45-DB-58-A8-B3-AC-9C-14-DE-73-4E-D7-05-4A-F7-6C-45">
      <ModulePath>C:\Program Files\dotnet\shared\Microsoft.NETCore.App\2.2.5\System.Memory.dll</ModulePath>
      <ModuleTime>2019-04-17T13:12:00Z</ModuleTime>
      <ModuleName>System.Memory</ModuleName>
      <Classes />
    </Module>
    <Module skippedDueTo="Filter" hash="F2-BA-CF-3E-44-B4-A5-D2-53-83-A0-48-FB-8D-98-94-F5-68-E4-AE">
      <ModulePath>C:\Program Files\dotnet\shared\Microsoft.NETCore.App\2.2.5\System.Runtime.InteropServices.dll</ModulePath>
      <ModuleTime>2019-04-17T13:12:02Z</ModuleTime>
      <ModuleName>System.Runtime.InteropServices</ModuleName>
      <Classes />
    </Module>
    <Module skippedDueTo="Filter" hash="5D-4E-D0-7B-8B-5D-CC-0D-53-0D-A2-7B-86-AF-83-FA-4B-DB-18-1E">
      <ModulePath>C:\Program Files\dotnet\shared\Microsoft.NETCore.App\2.2.5\System.Console.dll</ModulePath>
      <ModuleTime>2019-04-17T13:12:00Z</ModuleTime>
      <ModuleName>System.Console</ModuleName>
      <Classes />
    </Module>
    <Module skippedDueTo="Filter" hash="D4-F6-27-E8-63-63-65-DF-07-DC-D9-4B-86-D1-EF-2E-4E-D9-82-E1">
      <ModulePath>C:\Program Files\dotnet\shared\Microsoft.NETCore.App\2.2.5\System.Diagnostics.Process.dll</ModulePath>
      <ModuleTime>2019-04-17T13:12:00Z</ModuleTime>
      <ModuleName>System.Diagnostics.Process</ModuleName>
      <Classes />
    </Module>
    <Module skippedDueTo="Filter" hash="DF-1A-5C-20-50-A6-AD-2A-E2-F8-C4-BE-2A-18-DD-80-41-B4-06-BA">
      <ModulePath>C:\Program Files\dotnet\shared\Microsoft.NETCore.App\2.2.5\System.ComponentModel.Primitives.dll</ModulePath>
      <ModuleTime>2019-04-17T13:12:00Z</ModuleTime>
      <ModuleName>System.ComponentModel.Primitives</ModuleName>
      <Classes />
    </Module>
    <Module skippedDueTo="Filter" hash="6B-21-3A-0D-5A-7E-6C-AE-14-6C-37-B8-73-FE-12-72-98-5A-3E-F3">
      <ModulePath>C:\Program Files\dotnet\sdk\2.2.107\Microsoft.Build.Framework.dll</ModulePath>
      <ModuleTime>2019-04-21T13:08:40Z</ModuleTime>
      <ModuleName>Microsoft.Build.Framework</ModuleName>
      <Classes />
    </Module>
    <Module skippedDueTo="Filter" hash="35-EA-BA-B4-12-C0-E0-FF-A3-65-42-B6-DE-DE-C3-54-8F-23-C6-8B">
      <ModulePath>C:\Program Files\dotnet\shared\Microsoft.NETCore.App\2.2.5\netstandard.dll</ModulePath>
      <ModuleTime>2019-04-17T13:12:02Z</ModuleTime>
      <ModuleName>netstandard</ModuleName>
      <Classes />
    </Module>
    <Module skippedDueTo="Filter" hash="AA-0F-BD-C5-38-F0-90-AD-63-8A-2F-53-06-17-3A-76-E3-DF-42-D5">
      <ModulePath>C:\Program Files\dotnet\sdk\2.2.107\Microsoft.Build.dll</ModulePath>
      <ModuleTime>2019-04-21T13:08:40Z</ModuleTime>
      <ModuleName>Microsoft.Build</ModuleName>
      <Classes />
    </Module>
    <Module skippedDueTo="Filter" hash="F5-D5-4D-4F-D2-80-C3-93-30-65-27-A0-EA-81-28-80-21-FC-E8-E8">
      <ModulePath>C:\Program Files\dotnet\sdk\2.2.107\runtimes\win\lib\netcoreapp2.0\System.Text.Encoding.CodePages.dll</ModulePath>
      <ModuleTime>2019-04-21T13:06:58Z</ModuleTime>
      <ModuleName>System.Text.Encoding.CodePages</ModuleName>
      <Classes />
    </Module>
    <Module skippedDueTo="Filter" hash="0A-B3-25-93-9E-EE-79-3B-5B-77-08-BC-EA-85-ED-2D-CD-AB-5A-D3">
      <ModulePath>C:\Program Files\dotnet\shared\Microsoft.NETCore.App\2.2.5\System.Collections.Concurrent.dll</ModulePath>
      <ModuleTime>2019-04-17T13:12:00Z</ModuleTime>
      <ModuleName>System.Collections.Concurrent</ModuleName>
      <Classes />
    </Module>
    <Module skippedDueTo="Filter" hash="82-FA-F6-74-6E-A5-71-16-EB-67-EA-69-87-7C-B1-01-C7-D4-72-CF">
      <ModulePath>C:\Program Files\dotnet\shared\Microsoft.NETCore.App\2.2.5\System.IO.Pipes.dll</ModulePath>
      <ModuleTime>2019-04-17T13:12:00Z</ModuleTime>
      <ModuleName>System.IO.Pipes</ModuleName>
      <Classes />
    </Module>
    <Module skippedDueTo="Filter" hash="1E-8F-18-4B-4F-6F-42-63-EC-65-D4-E3-63-21-D0-41-E8-62-16-F0">
      <ModulePath>C:\Program Files\dotnet\shared\Microsoft.NETCore.App\2.2.5\System.Text.Encoding.Extensions.dll</ModulePath>
      <ModuleTime>2019-04-17T13:12:02Z</ModuleTime>
      <ModuleName>System.Text.Encoding.Extensions</ModuleName>
      <Classes />
    </Module>
    <Module skippedDueTo="Filter" hash="94-FF-CB-C6-36-70-96-29-82-41-52-61-66-50-75-66-C9-FE-EF-44">
      <ModulePath>C:\Program Files\dotnet\shared\Microsoft.NETCore.App\2.2.5\System.Security.AccessControl.dll</ModulePath>
      <ModuleTime>2019-04-17T13:12:02Z</ModuleTime>
      <ModuleName>System.Security.AccessControl</ModuleName>
      <Classes />
    </Module>
    <Module skippedDueTo="Filter" hash="67-C4-B7-34-F3-8B-73-02-57-35-28-75-33-0D-6C-68-A9-76-DC-AA">
      <ModulePath>C:\Program Files\dotnet\shared\Microsoft.NETCore.App\2.2.5\System.Security.Principal.Windows.dll</ModulePath>
      <ModuleTime>2019-04-17T13:12:02Z</ModuleTime>
      <ModuleName>System.Security.Principal.Windows</ModuleName>
      <Classes />
    </Module>
    <Module skippedDueTo="Filter" hash="89-4E-5D-51-8B-1D-4D-3F-C5-C7-7A-B1-C2-27-3C-FB-6D-F1-8E-2A">
      <ModulePath>C:\Program Files\dotnet\shared\Microsoft.NETCore.App\2.2.5\System.Security.Claims.dll</ModulePath>
      <ModuleTime>2019-04-17T13:12:02Z</ModuleTime>
      <ModuleName>System.Security.Claims</ModuleName>
      <Classes />
    </Module>
    <Module skippedDueTo="Filter" hash="91-A6-DE-A7-FF-A5-8B-2A-BC-1B-1D-36-98-F3-68-C2-B3-31-1F-C4">
      <ModulePath>C:\Program Files\dotnet\shared\Microsoft.NETCore.App\2.2.5\System.Security.Principal.dll</ModulePath>
      <ModuleTime>2019-04-17T13:12:02Z</ModuleTime>
      <ModuleName>System.Security.Principal</ModuleName>
      <Classes />
    </Module>
    <Module skippedDueTo="Filter" hash="94-42-18-88-AC-31-02-89-C2-3A-A9-E1-1F-89-02-83-21-BF-24-80">
      <ModulePath>C:\Program Files\dotnet\shared\Microsoft.NETCore.App\2.2.5\System.Threading.Overlapped.dll</ModulePath>
      <ModuleTime>2019-04-17T13:12:02Z</ModuleTime>
      <ModuleName>System.Threading.Overlapped</ModuleName>
      <Classes />
    </Module>
    <Module skippedDueTo="Filter" hash="94-42-18-88-AC-31-02-89-C2-3A-A9-E1-1F-89-02-83-21-BF-24-80">
      <ModulePath>C:\Program Files\dotnet\shared\Microsoft.NETCore.App\2.2.5\System.Threading.Overlapped.dll</ModulePath>
      <ModuleTime>2019-04-17T13:12:02Z</ModuleTime>
      <ModuleName>System.Threading.Overlapped</ModuleName>
      <Classes />
    </Module>
    <Module skippedDueTo="Filter" hash="C6-71-3A-80-08-A9-65-DE-36-13-2F-AD-A2-83-A5-36-4A-A3-83-E1">
      <ModulePath>C:\Program Files\dotnet\shared\Microsoft.NETCore.App\2.2.5\System.Threading.Thread.dll</ModulePath>
      <ModuleTime>2019-04-17T13:12:02Z</ModuleTime>
      <ModuleName>System.Threading.Thread</ModuleName>
      <Classes />
    </Module>
    <Module skippedDueTo="Filter" hash="94-FF-CB-C6-36-70-96-29-82-41-52-61-66-50-75-66-C9-FE-EF-44">
      <ModulePath>C:\Program Files\dotnet\shared\Microsoft.NETCore.App\2.2.5\System.Security.AccessControl.dll</ModulePath>
      <ModuleTime>2019-04-17T13:12:02Z</ModuleTime>
      <ModuleName>System.Security.AccessControl</ModuleName>
      <Classes />
    </Module>
    <Module skippedDueTo="Filter" hash="67-C4-B7-34-F3-8B-73-02-57-35-28-75-33-0D-6C-68-A9-76-DC-AA">
      <ModulePath>C:\Program Files\dotnet\shared\Microsoft.NETCore.App\2.2.5\System.Security.Principal.Windows.dll</ModulePath>
      <ModuleTime>2019-04-17T13:12:02Z</ModuleTime>
      <ModuleName>System.Security.Principal.Windows</ModuleName>
      <Classes />
    </Module>
    <Module skippedDueTo="Filter" hash="89-4E-5D-51-8B-1D-4D-3F-C5-C7-7A-B1-C2-27-3C-FB-6D-F1-8E-2A">
      <ModulePath>C:\Program Files\dotnet\shared\Microsoft.NETCore.App\2.2.5\System.Security.Claims.dll</ModulePath>
      <ModuleTime>2019-04-17T13:12:02Z</ModuleTime>
      <ModuleName>System.Security.Claims</ModuleName>
      <Classes />
    </Module>
    <Module skippedDueTo="Filter" hash="A1-96-95-B5-22-71-C0-2B-AB-07-DB-2B-0D-21-02-91-DC-07-7F-B0">
      <ModulePath>C:\Program Files\dotnet\shared\Microsoft.NETCore.App\2.2.5\System.Threading.Tasks.dll</ModulePath>
      <ModuleTime>2019-04-17T13:12:02Z</ModuleTime>
      <ModuleName>System.Threading.Tasks</ModuleName>
      <Classes />
    </Module>
    <Module skippedDueTo="Filter" hash="C6-E8-49-15-FF-00-3D-96-12-D4-49-C6-69-81-40-E1-03-AB-4D-5C">
      <ModulePath>C:\Program Files\dotnet\shared\Microsoft.NETCore.App\2.2.5\System.ObjectModel.dll</ModulePath>
      <ModuleTime>2019-04-17T13:12:00Z</ModuleTime>
      <ModuleName>System.ObjectModel</ModuleName>
      <Classes />
    </Module>
    <Module skippedDueTo="Filter" hash="EB-D2-24-16-24-3D-4B-C6-4F-3E-11-5E-1C-B9-56-AE-28-2A-27-41">
      <ModulePath>C:\Program Files\dotnet\shared\Microsoft.NETCore.App\2.2.5\System.Threading.Tasks.Dataflow.dll</ModulePath>
      <ModuleTime>2019-04-17T13:12:02Z</ModuleTime>
      <ModuleName>System.Threading.Tasks.Dataflow</ModuleName>
      <Classes />
    </Module>
    <Module skippedDueTo="Filter" hash="F8-74-87-65-30-AE-9F-47-CC-23-FE-41-48-19-70-97-59-4E-85-EC">
      <ModulePath>C:\Program Files\dotnet\shared\Microsoft.NETCore.App\2.2.5\System.Diagnostics.Tracing.dll</ModulePath>
      <ModuleTime>2019-04-17T13:12:00Z</ModuleTime>
      <ModuleName>System.Diagnostics.Tracing</ModuleName>
      <Classes />
    </Module>
    <Module skippedDueTo="Filter" hash="AE-D5-69-6B-8C-DD-84-47-27-FA-F1-7C-C3-96-14-69-61-7B-1D-2B">
      <ModulePath>C:\Program Files\dotnet\sdk\2.2.107\dotnet.dll</ModulePath>
      <ModuleTime>2019-04-21T13:07:56Z</ModuleTime>
      <ModuleName>dotnet</ModuleName>
      <Classes />
    </Module>
    <Module skippedDueTo="Filter" hash="BE-64-30-47-E1-41-E3-F6-6A-7F-F9-78-3A-C6-ED-2A-B3-8E-F0-9E">
      <ModulePath>C:\Program Files\dotnet\sdk\2.2.107\Microsoft.DotNet.Tools.MigrateCommand.dll</ModulePath>
      <ModuleTime>2019-04-21T13:08:38Z</ModuleTime>
      <ModuleName>Microsoft.DotNet.Tools.MigrateCommand</ModuleName>
      <Classes />
    </Module>
    <Module skippedDueTo="Filter" hash="32-EC-5C-05-91-9B-2C-86-A3-75-B1-A7-FC-6A-6D-E1-22-4A-37-D5">
      <ModulePath>C:\Program Files\dotnet\sdk\2.2.107\Microsoft.DotNet.Configurer.dll</ModulePath>
      <ModuleTime>2019-04-21T13:08:36Z</ModuleTime>
      <ModuleName>Microsoft.DotNet.Configurer</ModuleName>
      <Classes />
    </Module>
    <Module skippedDueTo="Filter" hash="A4-7E-EF-88-AB-4D-5A-39-16-BD-80-BE-68-BC-4C-F8-61-F8-AC-CD">
      <ModulePath>C:\Program Files\dotnet\sdk\2.2.107\Microsoft.DotNet.Cli.Utils.dll</ModulePath>
      <ModuleTime>2019-04-21T13:09:06Z</ModuleTime>
      <ModuleName>Microsoft.DotNet.Cli.Utils</ModuleName>
      <Classes />
    </Module>
    <Module skippedDueTo="Filter" hash="D4-48-32-18-FF-DB-C0-F5-FC-1A-43-76-F9-A7-09-CB-58-E5-E0-AE">
      <ModulePath>C:\Program Files\dotnet\sdk\2.2.107\NuGet.Frameworks.dll</ModulePath>
      <ModuleTime>2019-04-21T13:13:58Z</ModuleTime>
      <ModuleName>NuGet.Frameworks</ModuleName>
      <Classes />
    </Module>
    <Module skippedDueTo="Filter" hash="A1-6E-91-FB-2D-BB-77-63-2F-C6-FC-AA-CB-71-18-FA-AC-9E-B4-D2">
      <ModulePath>C:\Program Files\dotnet\shared\Microsoft.NETCore.App\2.2.5\System.Resources.ResourceManager.dll</ModulePath>
      <ModuleTime>2019-04-17T13:12:02Z</ModuleTime>
      <ModuleName>System.Resources.ResourceManager</ModuleName>
      <Classes />
    </Module>
    <Module skippedDueTo="Filter" hash="F8-8F-16-21-E0-5D-1E-69-80-A8-54-12-C5-E0-CF-6E-0A-97-78-E6">
      <ModulePath>C:\Program Files\dotnet\shared\Microsoft.NETCore.App\2.2.5\System.Xml.ReaderWriter.dll</ModulePath>
      <ModuleTime>2019-04-17T13:12:02Z</ModuleTime>
      <ModuleName>System.Xml.ReaderWriter</ModuleName>
      <Classes />
    </Module>
    <Module skippedDueTo="Filter" hash="B9-7C-DA-BE-7F-52-44-94-75-FC-89-87-47-01-C1-00-CD-98-85-FF">
      <ModulePath>C:\Program Files\dotnet\shared\Microsoft.NETCore.App\2.2.5\System.Private.Xml.dll</ModulePath>
      <ModuleTime>2019-04-17T13:12:00Z</ModuleTime>
      <ModuleName>System.Private.Xml</ModuleName>
      <Classes />
    </Module>
    <Module skippedDueTo="Filter" hash="A9-B7-3F-40-B0-72-CA-F4-E1-91-DA-D8-20-B0-80-0D-53-28-38-D6">
      <ModulePath>C:\Program Files\dotnet\shared\Microsoft.NETCore.App\2.2.5\System.Security.Cryptography.Algorithms.dll</ModulePath>
      <ModuleTime>2019-04-17T13:12:02Z</ModuleTime>
      <ModuleName>System.Security.Cryptography.Algorithms</ModuleName>
      <Classes />
    </Module>
    <Module skippedDueTo="Filter" hash="08-98-79-53-45-4A-BD-5F-3D-E7-B7-18-33-18-E5-3B-BA-1A-A0-46">
      <ModulePath>C:\Program Files\dotnet\shared\Microsoft.NETCore.App\2.2.5\System.Private.Uri.dll</ModulePath>
      <ModuleTime>2019-04-17T13:12:00Z</ModuleTime>
      <ModuleName>System.Private.Uri</ModuleName>
      <Classes />
    </Module>
    <Module skippedDueTo="Filter" hash="A9-B4-56-88-1C-AE-DC-5C-E9-8D-01-C1-90-C2-7B-16-34-19-5B-08">
      <ModulePath>C:\Program Files\dotnet\shared\Microsoft.NETCore.App\2.2.5\System.Diagnostics.TraceSource.dll</ModulePath>
      <ModuleTime>2019-04-17T13:12:00Z</ModuleTime>
      <ModuleName>System.Diagnostics.TraceSource</ModuleName>
      <Classes />
    </Module>
    <Module skippedDueTo="Filter" hash="9D-C0-5C-FE-1B-3A-41-F8-19-BE-6D-D7-89-95-57-D1-AD-5E-42-0D">
      <ModulePath>C:\Program Files\dotnet\shared\Microsoft.NETCore.App\2.2.5\System.Collections.Immutable.dll</ModulePath>
      <ModuleTime>2019-04-17T13:12:00Z</ModuleTime>
      <ModuleName>System.Collections.Immutable</ModuleName>
      <Classes />
    </Module>
    <Module skippedDueTo="Filter" hash="4D-7E-78-4B-78-AE-A9-E9-C5-F4-ED-C0-8C-FE-2B-7E-19-96-E6-30">
      <ModulePath>C:\Program Files\dotnet\shared\Microsoft.NETCore.App\2.2.5\System.Threading.Tasks.Parallel.dll</ModulePath>
      <ModuleTime>2019-04-17T13:12:02Z</ModuleTime>
      <ModuleName>System.Threading.Tasks.Parallel</ModuleName>
      <Classes />
    </Module>
    <Module skippedDueTo="Filter" hash="E1-6B-77-86-63-EC-E4-3B-CD-17-09-75-54-49-64-D5-30-B4-9A-AC">
      <ModulePath>C:\Program Files\dotnet\sdk\2.2.107\Microsoft.Build.Utilities.Core.dll</ModulePath>
      <ModuleTime>2019-04-21T13:08:44Z</ModuleTime>
      <ModuleName>Microsoft.Build.Utilities.Core</ModuleName>
      <Classes />
    </Module>
    <Module skippedDueTo="Filter" hash="C7-06-14-50-E6-0E-5D-A7-5B-14-11-3F-7A-C9-92-4E-24-97-5A-B5">
      <ModulePath>C:\Program Files\dotnet\shared\Microsoft.NETCore.App\2.2.5\System.Reflection.Emit.ILGeneration.dll</ModulePath>
      <ModuleTime>2019-04-17T13:12:02Z</ModuleTime>
      <ModuleName>System.Reflection.Emit.ILGeneration</ModuleName>
      <Classes />
    </Module>
    <Module skippedDueTo="Filter" hash="8C-17-02-EB-B9-4B-4F-64-D2-7C-58-CD-FF-F7-AA-59-89-2B-C4-E5">
      <ModulePath>C:\Program Files\dotnet\shared\Microsoft.NETCore.App\2.2.5\System.Reflection.Emit.Lightweight.dll</ModulePath>
      <ModuleTime>2019-04-17T13:12:02Z</ModuleTime>
      <ModuleName>System.Reflection.Emit.Lightweight</ModuleName>
      <Classes />
    </Module>
    <Module skippedDueTo="Filter" hash="3B-41-7A-CB-41-3D-02-23-21-55-CF-0A-58-2C-30-7E-E5-60-26-AC">
      <ModulePath>C:\Program Files\dotnet\shared\Microsoft.NETCore.App\2.2.5\System.Reflection.Primitives.dll</ModulePath>
      <ModuleTime>2019-04-17T13:12:02Z</ModuleTime>
      <ModuleName>System.Reflection.Primitives</ModuleName>
      <Classes />
    </Module>
    <Module skippedDueTo="Filter" hash="AE-5A-EC-90-EC-7D-70-60-53-2D-6A-D1-53-54-44-13-12-EA-3B-0A">
      <ModulePath>C:\Program Files\dotnet\sdk\2.2.107\Microsoft.Build.Tasks.Core.dll</ModulePath>
      <ModuleTime>2019-04-21T13:08:36Z</ModuleTime>
      <ModuleName>Microsoft.Build.Tasks.Core</ModuleName>
      <Classes />
    </Module>
    <Module skippedDueTo="Filter" hash="00-63-91-E8-57-EA-B9-1C-22-0E-33-5D-59-13-44-F4-FC-F0-AE-11">
      <ModulePath>C:\Program Files\dotnet\shared\Microsoft.NETCore.App\2.2.5\System.Runtime.Serialization.Formatters.dll</ModulePath>
      <ModuleTime>2019-04-17T13:12:02Z</ModuleTime>
      <ModuleName>System.Runtime.Serialization.Formatters</ModuleName>
      <Classes />
    </Module>
    <Module skippedDueTo="Filter" hash="E0-D8-D0-CA-AE-74-A0-AB-22-29-21-AA-0F-69-F4-F0-3A-50-92-CD">
      <ModulePath>C:\Program Files\dotnet\shared\Microsoft.NETCore.App\2.2.5\System.Runtime.Loader.dll</ModulePath>
      <ModuleTime>2019-04-17T13:12:02Z</ModuleTime>
      <ModuleName>System.Runtime.Loader</ModuleName>
      <Classes />
    </Module>
    <Module skippedDueTo="Filter" hash="D7-85-E5-72-4E-4E-39-BC-6C-E8-43-32-BE-B6-5F-9A-05-BF-EB-E7">
      <ModulePath>C:\Program Files\dotnet\sdk\2.2.107\Sdks\Microsoft.NET.Sdk\targets\..\tools\netcoreapp2.0/Microsoft.NET.Build.Tasks.dll</ModulePath>
      <ModuleTime>2019-04-21T13:10:18Z</ModuleTime>
      <ModuleName>Microsoft.NET.Build.Tasks</ModuleName>
      <Classes />
    </Module>
    <Module skippedDueTo="Filter" hash="E9-E1-C3-3E-FA-E1-C0-DD-F5-48-D0-EA-65-F3-4F-6C-61-84-B5-B1">
      <ModulePath>C:\Program Files\dotnet\sdk\2.2.107\NuGet.Configuration.dll</ModulePath>
      <ModuleTime>2019-04-21T13:13:54Z</ModuleTime>
      <ModuleName>NuGet.Configuration</ModuleName>
      <Classes />
    </Module>
    <Module skippedDueTo="Filter" hash="D8-EB-73-AF-B7-01-2A-7C-C6-83-85-D3-96-65-D2-B4-42-FC-5C-57">
      <ModulePath>C:\Program Files\dotnet\sdk\2.2.107\NuGet.Build.Tasks.dll</ModulePath>
      <ModuleTime>2019-04-21T13:13:50Z</ModuleTime>
      <ModuleName>NuGet.Build.Tasks</ModuleName>
      <Classes />
    </Module>
    <Module skippedDueTo="Filter" hash="AA-F6-9B-F4-C6-A3-1A-0E-94-A5-8C-41-3B-9D-4C-52-CB-0F-45-4E">
      <ModulePath>C:\Program Files\dotnet\sdk\2.2.107\NuGet.Commands.dll</ModulePath>
      <ModuleTime>2019-04-21T13:14:00Z</ModuleTime>
      <ModuleName>NuGet.Commands</ModuleName>
      <Classes />
    </Module>
    <Module skippedDueTo="Filter" hash="D6-EC-93-4E-B4-72-21-7A-22-D9-BF-14-FC-B5-ED-61-5E-6E-21-EC">
      <ModulePath>C:\Program Files\dotnet\shared\Microsoft.NETCore.App\2.2.5\System.IO.dll</ModulePath>
      <ModuleTime>2019-04-17T13:12:00Z</ModuleTime>
      <ModuleName>System.IO</ModuleName>
      <Classes />
    </Module>
    <Module skippedDueTo="Filter" hash="9C-1F-DA-44-8C-9D-99-46-6B-4A-70-F9-B8-35-16-10-0E-2D-EE-4A">
      <ModulePath>C:\Program Files\dotnet\sdk\2.2.107\NuGet.Common.dll</ModulePath>
      <ModuleTime>2019-04-21T13:13:56Z</ModuleTime>
      <ModuleName>NuGet.Common</ModuleName>
      <Classes />
    </Module>
    <Module skippedDueTo="Filter" hash="E9-E1-C3-3E-FA-E1-C0-DD-F5-48-D0-EA-65-F3-4F-6C-61-84-B5-B1">
      <ModulePath>C:\Program Files\dotnet\sdk\2.2.107\NuGet.Configuration.dll</ModulePath>
      <ModuleTime>2019-04-21T13:13:54Z</ModuleTime>
      <ModuleName>NuGet.Configuration</ModuleName>
      <Classes />
    </Module>
    <Module skippedDueTo="Filter" hash="95-F2-57-8B-58-62-AD-28-97-59-37-C4-87-09-88-B2-F9-DE-7B-20">
      <ModulePath>C:\Program Files\dotnet\shared\Microsoft.NETCore.App\2.2.5\System.Text.Encoding.dll</ModulePath>
      <ModuleTime>2019-04-17T13:12:02Z</ModuleTime>
      <ModuleName>System.Text.Encoding</ModuleName>
      <Classes />
    </Module>
    <Module skippedDueTo="Filter" hash="C4-88-A9-5B-DD-02-BE-79-1D-B7-E7-F5-95-F6-2F-B2-52-B3-7F-F8">
      <ModulePath>C:\Program Files\dotnet\shared\Microsoft.NETCore.App\2.2.5\System.Collections.NonGeneric.dll</ModulePath>
      <ModuleTime>2019-04-17T13:12:00Z</ModuleTime>
      <ModuleName>System.Collections.NonGeneric</ModuleName>
      <Classes />
    </Module>
    <Module skippedDueTo="Filter" hash="FE-1D-5C-5A-24-2A-08-C1-DF-E5-33-BD-15-57-A4-67-05-77-F9-CC">
      <ModulePath>C:\Program Files\dotnet\shared\Microsoft.NETCore.App\2.2.5\Microsoft.Win32.Primitives.dll</ModulePath>
      <ModuleTime>2019-04-17T13:12:00Z</ModuleTime>
      <ModuleName>Microsoft.Win32.Primitives</ModuleName>
      <Classes />
    </Module>
    <Module skippedDueTo="Filter" hash="36-E1-54-E3-28-D2-68-48-DC-91-9D-99-B5-7C-85-B9-4C-F3-30-1D">
      <ModulePath>C:\Program Files\dotnet\shared\Microsoft.NETCore.App\2.2.5\System.Globalization.dll</ModulePath>
      <ModuleTime>2019-04-17T13:12:00Z</ModuleTime>
      <ModuleName>System.Globalization</ModuleName>
      <Classes />
    </Module>
    <Module skippedDueTo="Filter" hash="D6-EC-93-4E-B4-72-21-7A-22-D9-BF-14-FC-B5-ED-61-5E-6E-21-EC">
      <ModulePath>C:\Program Files\dotnet\shared\Microsoft.NETCore.App\2.2.5\System.IO.dll</ModulePath>
      <ModuleTime>2019-04-17T13:12:00Z</ModuleTime>
      <ModuleName>System.IO</ModuleName>
      <Classes />
    </Module>
    <Module skippedDueTo="Filter" hash="96-68-E1-DA-E4-06-EC-CE-48-5B-52-61-2A-69-25-16-5E-A8-A8-E2">
      <ModulePath>C:\Program Files\dotnet\shared\Microsoft.NETCore.App\2.2.5\System.Xml.XDocument.dll</ModulePath>
      <ModuleTime>2019-04-17T13:12:02Z</ModuleTime>
      <ModuleName>System.Xml.XDocument</ModuleName>
      <Classes />
    </Module>
    <Module skippedDueTo="Filter" hash="46-3A-A8-A2-B8-CB-0A-86-9B-3B-63-08-64-F5-09-69-4C-5D-CF-F3">
      <ModulePath>C:\Program Files\dotnet\shared\Microsoft.NETCore.App\2.2.5\System.Private.Xml.Linq.dll</ModulePath>
      <ModuleTime>2019-04-17T13:12:00Z</ModuleTime>
      <ModuleName>System.Private.Xml.Linq</ModuleName>
      <Classes />
    </Module>
    <Module skippedDueTo="Filter" hash="24-FB-B0-53-91-1F-CF-C5-85-E8-DE-88-0F-5E-BD-07-3A-6A-71-E8">
      <ModulePath>C:\Program Files\dotnet\shared\Microsoft.NETCore.App\2.2.5\System.Security.Cryptography.Primitives.dll</ModulePath>
      <ModuleTime>2019-04-17T13:12:02Z</ModuleTime>
      <ModuleName>System.Security.Cryptography.Primitives</ModuleName>
      <Classes />
    </Module>
    <Module skippedDueTo="Filter" hash="95-F2-57-8B-58-62-AD-28-97-59-37-C4-87-09-88-B2-F9-DE-7B-20">
      <ModulePath>C:\Program Files\dotnet\shared\Microsoft.NETCore.App\2.2.5\System.Text.Encoding.dll</ModulePath>
      <ModuleTime>2019-04-17T13:12:02Z</ModuleTime>
      <ModuleName>System.Text.Encoding</ModuleName>
      <Classes />
    </Module>
    <Module skippedDueTo="Filter" hash="CE-83-E5-13-2E-65-2E-57-19-6B-62-6F-7D-75-00-E7-AF-96-3D-07">
      <ModulePath>C:\Program Files\dotnet\shared\Microsoft.NETCore.App\2.2.5\System.IO.FileSystem.Primitives.dll</ModulePath>
      <ModuleTime>2019-04-17T13:12:00Z</ModuleTime>
      <ModuleName>System.IO.FileSystem.Primitives</ModuleName>
      <Classes />
    </Module>
    <Module skippedDueTo="Filter" hash="43-D8-1F-68-9B-98-7B-C7-86-C1-07-08-31-8F-02-EF-50-AB-FC-86">
      <ModulePath>C:\Program Files\dotnet\sdk\2.2.107\NuGet.ProjectModel.dll</ModulePath>
      <ModuleTime>2019-04-21T13:13:58Z</ModuleTime>
      <ModuleName>NuGet.ProjectModel</ModuleName>
      <Classes />
    </Module>
    <Module skippedDueTo="Filter" hash="83-49-26-F4-51-C4-CF-2F-32-E4-FD-95-9A-BE-BD-59-E4-0B-5F-C2">
      <ModulePath>C:\Program Files\dotnet\sdk\2.2.107\NuGet.Versioning.dll</ModulePath>
      <ModuleTime>2019-04-21T13:13:58Z</ModuleTime>
      <ModuleName>NuGet.Versioning</ModuleName>
      <Classes />
    </Module>
    <Module skippedDueTo="Filter" hash="1E-59-17-CF-8D-A0-6D-B9-2C-B0-AF-65-0B-55-E0-A4-59-12-3B-F2">
      <ModulePath>C:\Program Files\dotnet\shared\Microsoft.NETCore.App\2.2.5\System.ComponentModel.dll</ModulePath>
      <ModuleTime>2019-04-17T13:12:00Z</ModuleTime>
      <ModuleName>System.ComponentModel</ModuleName>
      <Classes />
    </Module>
    <Module skippedDueTo="Filter" hash="43-D8-1F-68-9B-98-7B-C7-86-C1-07-08-31-8F-02-EF-50-AB-FC-86">
      <ModulePath>C:\Program Files\dotnet\sdk\2.2.107\NuGet.ProjectModel.dll</ModulePath>
      <ModuleTime>2019-04-21T13:13:58Z</ModuleTime>
      <ModuleName>NuGet.ProjectModel</ModuleName>
      <Classes />
    </Module>
    <Module skippedDueTo="Filter" hash="83-49-26-F4-51-C4-CF-2F-32-E4-FD-95-9A-BE-BD-59-E4-0B-5F-C2">
[...]
      <ModuleTime>2019-04-17T13:12:00Z</ModuleTime>
      <ModuleName>System.Net.Http</ModuleName>
      <Classes />
    </Module>
    <Module skippedDueTo="Filter" hash="64-35-56-0E-54-9F-52-7D-0C-F1-61-77-1E-C0-6B-94-76-73-43-01">
      <ModulePath>C:\Program Files\dotnet\shared\Microsoft.NETCore.App\2.2.5\System.Net.Security.dll</ModulePath>
      <ModuleTime>2019-04-17T13:12:00Z</ModuleTime>
      <ModuleName>System.Net.Security</ModuleName>
      <Classes />
    </Module>
    <Module skippedDueTo="Filter" hash="6D-39-9C-6C-7D-6C-AA-69-2B-48-1E-50-F1-7B-46-54-AE-6C-70-F1">
      <ModulePath>C:\Program Files\dotnet\shared\Microsoft.NETCore.App\2.2.5\System.Net.HttpListener.dll</ModulePath>
      <ModuleTime>2019-04-17T13:12:00Z</ModuleTime>
      <ModuleName>System.Net.HttpListener</ModuleName>
      <Classes />
    </Module>
    <Module skippedDueTo="Filter" hash="26-B9-74-97-0B-13-3A-1E-67-A5-D0-B7-38-62-C6-AC-EB-A1-89-61">
      <ModulePath>C:\Program Files\dotnet\shared\Microsoft.NETCore.App\2.2.5\System.Net.Mail.dll</ModulePath>
      <ModuleTime>2019-04-17T13:12:00Z</ModuleTime>
      <ModuleName>System.Net.Mail</ModuleName>
      <Classes />
    </Module>
    <Module skippedDueTo="Filter" hash="5E-9C-66-F8-5C-34-CB-4C-17-2E-6F-35-DC-56-6F-5E-25-8A-BB-EA">
      <ModulePath>C:\Program Files\dotnet\shared\Microsoft.NETCore.App\2.2.5\System.Net.NetworkInformation.dll</ModulePath>
      <ModuleTime>2019-04-17T13:12:00Z</ModuleTime>
      <ModuleName>System.Net.NetworkInformation</ModuleName>
      <Classes />
    </Module>
    <Module skippedDueTo="Filter" hash="75-34-47-40-E6-E8-3D-75-17-15-90-5D-59-61-67-2C-C9-32-9F-7B">
      <ModulePath>C:\Program Files\dotnet\shared\Microsoft.NETCore.App\2.2.5\System.Net.Ping.dll</ModulePath>
      <ModuleTime>2019-04-17T13:12:00Z</ModuleTime>
      <ModuleName>System.Net.Ping</ModuleName>
      <Classes />
    </Module>
    <Module skippedDueTo="Filter" hash="18-FC-7B-BA-C3-51-63-F5-C9-14-76-20-EF-43-F1-04-AC-50-AD-98">
      <ModulePath>C:\Program Files\dotnet\shared\Microsoft.NETCore.App\2.2.5\System.Net.Requests.dll</ModulePath>
      <ModuleTime>2019-04-17T13:12:00Z</ModuleTime>
      <ModuleName>System.Net.Requests</ModuleName>
      <Classes />
    </Module>
    <Module skippedDueTo="Filter" hash="93-F0-40-75-FD-B0-A0-07-85-2E-1B-86-4F-47-B6-48-9F-73-36-07">
      <ModulePath>C:\Program Files\dotnet\shared\Microsoft.NETCore.App\2.2.5\System.Net.ServicePoint.dll</ModulePath>
      <ModuleTime>2019-04-17T13:12:00Z</ModuleTime>
      <ModuleName>System.Net.ServicePoint</ModuleName>
      <Classes />
    </Module>
    <Module skippedDueTo="Filter" hash="FE-6F-AF-64-77-96-0E-E1-A7-8C-2A-2F-8F-77-F9-A1-4E-86-F7-21">
      <ModulePath>C:\Program Files\dotnet\shared\Microsoft.NETCore.App\2.2.5\System.Net.WebClient.dll</ModulePath>
      <ModuleTime>2019-04-17T13:12:00Z</ModuleTime>
      <ModuleName>System.Net.WebClient</ModuleName>
      <Classes />
    </Module>
    <Module skippedDueTo="Filter" hash="16-B0-16-7C-50-23-18-8B-09-00-4A-04-A9-72-6A-63-05-A2-33-1F">
      <ModulePath>C:\Program Files\dotnet\shared\Microsoft.NETCore.App\2.2.5\System.Net.WebHeaderCollection.dll</ModulePath>
      <ModuleTime>2019-04-17T13:12:00Z</ModuleTime>
      <ModuleName>System.Net.WebHeaderCollection</ModuleName>
      <Classes />
    </Module>
    <Module skippedDueTo="Filter" hash="25-4E-25-A4-FE-39-52-BB-76-7F-88-DD-7F-8D-8F-92-D4-F9-79-40">
      <ModulePath>C:\Program Files\dotnet\shared\Microsoft.NETCore.App\2.2.5\System.Net.WebProxy.dll</ModulePath>
      <ModuleTime>2019-04-17T13:12:00Z</ModuleTime>
      <ModuleName>System.Net.WebProxy</ModuleName>
      <Classes />
    </Module>
    <Module skippedDueTo="Filter" hash="9F-59-DF-30-C4-94-AD-EB-02-E2-95-76-32-E4-B1-B0-8D-E3-6C-38">
      <ModulePath>C:\Program Files\dotnet\shared\Microsoft.NETCore.App\2.2.5\System.Net.WebSockets.Client.dll</ModulePath>
      <ModuleTime>2019-04-17T13:12:00Z</ModuleTime>
      <ModuleName>System.Net.WebSockets.Client</ModuleName>
      <Classes />
    </Module>
    <Module skippedDueTo="Filter" hash="55-1C-F2-1D-AD-D1-2A-D4-21-BE-5B-B7-33-61-D9-1C-DB-A4-8C-72">
      <ModulePath>C:\Program Files\dotnet\shared\Microsoft.NETCore.App\2.2.5\System.Net.dll</ModulePath>
      <ModuleTime>2019-04-17T13:12:00Z</ModuleTime>
      <ModuleName>System.Net</ModuleName>
      <Classes />
    </Module>
    <Module skippedDueTo="Filter" hash="8E-4C-4B-C5-A2-48-CD-49-9D-2B-7B-4B-CC-21-18-A8-E5-F2-8C-61">
      <ModulePath>C:\Program Files\dotnet\shared\Microsoft.NETCore.App\2.2.5\System.Numerics.Vectors.dll</ModulePath>
      <ModuleTime>2019-04-17T13:12:00Z</ModuleTime>
      <ModuleName>System.Numerics.Vectors</ModuleName>
      <Classes />
    </Module>
    <Module skippedDueTo="Filter" hash="EC-92-E6-C4-C6-3E-F8-4E-E9-DF-53-E2-94-13-9A-2F-31-88-50-76">
      <ModulePath>C:\Program Files\dotnet\shared\Microsoft.NETCore.App\2.2.5\System.Numerics.dll</ModulePath>
      <ModuleTime>2019-04-17T13:12:00Z</ModuleTime>
      <ModuleName>System.Numerics</ModuleName>
      <Classes />
    </Module>
    <Module skippedDueTo="Filter" hash="1B-D6-83-1E-19-37-C7-4B-C8-22-DC-90-66-1C-D8-CD-8A-0C-24-B9">
      <ModulePath>C:\Program Files\dotnet\shared\Microsoft.NETCore.App\2.2.5\System.Private.DataContractSerialization.dll</ModulePath>
      <ModuleTime>2019-04-17T13:12:00Z</ModuleTime>
      <ModuleName>System.Private.DataContractSerialization</ModuleName>
      <Classes />
    </Module>
    <Module skippedDueTo="Filter" hash="C7-06-14-50-E6-0E-5D-A7-5B-14-11-3F-7A-C9-92-4E-24-97-5A-B5">
      <ModulePath>C:\Program Files\dotnet\shared\Microsoft.NETCore.App\2.2.5\System.Reflection.Emit.ILGeneration.dll</ModulePath>
      <ModuleTime>2019-04-17T13:12:02Z</ModuleTime>
      <ModuleName>System.Reflection.Emit.ILGeneration</ModuleName>
      <Classes />
    </Module>
    <Module skippedDueTo="Filter" hash="A0-3C-7A-2D-6A-44-71-D0-FD-5E-D6-7D-34-B4-42-41-2E-65-EC-E4">
      <ModulePath>C:\Program Files\dotnet\shared\Microsoft.NETCore.App\2.2.5\System.Reflection.DispatchProxy.dll</ModulePath>
      <ModuleTime>2019-04-17T13:12:02Z</ModuleTime>
      <ModuleName>System.Reflection.DispatchProxy</ModuleName>
      <Classes />
    </Module>
    <Module skippedDueTo="Filter" hash="8C-17-02-EB-B9-4B-4F-64-D2-7C-58-CD-FF-F7-AA-59-89-2B-C4-E5">
      <ModulePath>C:\Program Files\dotnet\shared\Microsoft.NETCore.App\2.2.5\System.Reflection.Emit.Lightweight.dll</ModulePath>
      <ModuleTime>2019-04-17T13:12:02Z</ModuleTime>
      <ModuleName>System.Reflection.Emit.Lightweight</ModuleName>
      <Classes />
    </Module>
    <Module skippedDueTo="Filter" hash="06-91-37-D6-15-6A-DB-B2-5D-AF-68-ED-F0-06-B2-36-2B-8D-61-81">
      <ModulePath>C:\Program Files\dotnet\shared\Microsoft.NETCore.App\2.2.5\System.Reflection.Emit.dll</ModulePath>
      <ModuleTime>2019-04-17T13:12:02Z</ModuleTime>
      <ModuleName>System.Reflection.Emit</ModuleName>
      <Classes />
    </Module>
    <Module skippedDueTo="Filter" hash="CA-90-FB-C3-82-74-84-AB-41-7C-91-16-0F-CE-71-A9-D7-40-FB-D8">
      <ModulePath>C:\Program Files\dotnet\shared\Microsoft.NETCore.App\2.2.5\System.Resources.Reader.dll</ModulePath>
      <ModuleTime>2019-04-17T13:12:02Z</ModuleTime>
      <ModuleName>System.Resources.Reader</ModuleName>
      <Classes />
    </Module>
    <Module skippedDueTo="Filter" hash="71-9B-15-D3-F6-8C-64-88-FE-80-33-86-52-3E-14-44-61-22-21-1A">
      <ModulePath>C:\Program Files\dotnet\shared\Microsoft.NETCore.App\2.2.5\System.Resources.Writer.dll</ModulePath>
      <ModuleTime>2019-04-17T13:12:02Z</ModuleTime>
      <ModuleName>System.Resources.Writer</ModuleName>
      <Classes />
    </Module>
    <Module skippedDueTo="Filter" hash="F0-11-D8-21-0D-79-7F-7D-F8-77-44-C2-DD-AA-41-94-A1-6E-BD-83">
      <ModulePath>C:\Program Files\dotnet\shared\Microsoft.NETCore.App\2.2.5\System.Runtime.CompilerServices.VisualC.dll</ModulePath>
      <ModuleTime>2019-04-17T13:12:02Z</ModuleTime>
      <ModuleName>System.Runtime.CompilerServices.VisualC</ModuleName>
      <Classes />
    </Module>
    <Module skippedDueTo="Filter" hash="F7-43-A0-CD-91-6C-C6-D9-6C-B4-32-CF-18-E8-D0-4E-23-F5-69-82">
      <ModulePath>C:\Program Files\dotnet\shared\Microsoft.NETCore.App\2.2.5\System.Runtime.Handles.dll</ModulePath>
      <ModuleTime>2019-04-17T13:12:02Z</ModuleTime>
      <ModuleName>System.Runtime.Handles</ModuleName>
      <Classes />
    </Module>
    <Module skippedDueTo="Filter" hash="D7-23-08-8A-B9-C5-99-E4-50-85-65-13-0E-47-FB-C4-26-C9-9D-37">
      <ModulePath>C:\Program Files\dotnet\shared\Microsoft.NETCore.App\2.2.5\System.Runtime.InteropServices.WindowsRuntime.dll</ModulePath>
      <ModuleTime>2019-04-17T13:12:02Z</ModuleTime>
      <ModuleName>System.Runtime.InteropServices.WindowsRuntime</ModuleName>
      <Classes />
    </Module>
    <Module skippedDueTo="Filter" hash="00-63-91-E8-57-EA-B9-1C-22-0E-33-5D-59-13-44-F4-FC-F0-AE-11">
      <ModulePath>C:\Program Files\dotnet\shared\Microsoft.NETCore.App\2.2.5\System.Runtime.Serialization.Formatters.dll</ModulePath>
      <ModuleTime>2019-04-17T13:12:02Z</ModuleTime>
      <ModuleName>System.Runtime.Serialization.Formatters</ModuleName>
      <Classes />
    </Module>
    <Module skippedDueTo="Filter" hash="50-23-1E-C0-7A-E7-94-B5-A9-E3-1F-37-87-2D-E4-D6-C2-0D-7E-4D">
      <ModulePath>C:\Program Files\dotnet\shared\Microsoft.NETCore.App\2.2.5\System.Runtime.Serialization.Json.dll</ModulePath>
      <ModuleTime>2019-04-17T13:12:02Z</ModuleTime>
      <ModuleName>System.Runtime.Serialization.Json</ModuleName>
      <Classes />
    </Module>
    <Module skippedDueTo="Filter" hash="4E-34-31-DF-0D-49-78-38-29-01-89-3C-33-16-97-F2-57-0D-11-BB">
      <ModulePath>C:\Program Files\dotnet\shared\Microsoft.NETCore.App\2.2.5\System.Runtime.Serialization.Xml.dll</ModulePath>
      <ModuleTime>2019-04-17T13:12:02Z</ModuleTime>
      <ModuleName>System.Runtime.Serialization.Xml</ModuleName>
      <Classes />
    </Module>
    <Module skippedDueTo="Filter" hash="75-A2-42-EE-73-AE-2E-4C-AB-D8-1D-C0-90-CD-8B-87-BD-4D-5E-33">
      <ModulePath>C:\Program Files\dotnet\shared\Microsoft.NETCore.App\2.2.5\System.Runtime.Serialization.dll</ModulePath>
      <ModuleTime>2019-04-17T13:12:02Z</ModuleTime>
      <ModuleName>System.Runtime.Serialization</ModuleName>
      <Classes />
    </Module>
    <Module skippedDueTo="Filter" hash="A3-83-F8-AD-ED-BC-F5-C6-05-0D-C5-6F-DE-C2-84-83-58-C7-CA-71">
      <ModulePath>C:\Program Files\dotnet\shared\Microsoft.NETCore.App\2.2.5\System.Security.Cryptography.Cng.dll</ModulePath>
      <ModuleTime>2019-04-17T13:12:02Z</ModuleTime>
      <ModuleName>System.Security.Cryptography.Cng</ModuleName>
      <Classes />
    </Module>
    <Module skippedDueTo="Filter" hash="14-25-F7-CC-B9-2F-AD-39-E6-14-95-A7-2F-7D-AE-87-24-A3-C6-6B">
      <ModulePath>C:\Program Files\dotnet\shared\Microsoft.NETCore.App\2.2.5\System.Security.Cryptography.Csp.dll</ModulePath>
      <ModuleTime>2019-04-17T13:12:02Z</ModuleTime>
      <ModuleName>System.Security.Cryptography.Csp</ModuleName>
      <Classes />
    </Module>
    <Module skippedDueTo="Filter" hash="3A-C8-CE-A3-6C-96-39-CA-4D-6E-69-46-BB-AD-A5-48-C1-0E-6A-4F">
      <ModulePath>C:\Program Files\dotnet\shared\Microsoft.NETCore.App\2.2.5\System.Security.Cryptography.OpenSsl.dll</ModulePath>
      <ModuleTime>2019-04-17T13:12:02Z</ModuleTime>
      <ModuleName>System.Security.Cryptography.OpenSsl</ModuleName>
      <Classes />
    </Module>
    <Module skippedDueTo="Filter" hash="B0-EC-9C-AA-01-60-5A-0D-50-95-62-37-5B-33-45-F6-75-51-53-52">
      <ModulePath>C:\Program Files\dotnet\shared\Microsoft.NETCore.App\2.2.5\System.Security.SecureString.dll</ModulePath>
      <ModuleTime>2019-04-17T13:12:02Z</ModuleTime>
      <ModuleName>System.Security.SecureString</ModuleName>
      <Classes />
    </Module>
    <Module skippedDueTo="Filter" hash="21-58-50-F5-67-05-C1-C4-F0-CB-A2-B1-7D-9B-B3-9E-1B-70-39-70">
      <ModulePath>C:\Program Files\dotnet\shared\Microsoft.NETCore.App\2.2.5\System.Security.dll</ModulePath>
      <ModuleTime>2019-04-17T13:12:02Z</ModuleTime>
      <ModuleName>System.Security</ModuleName>
      <Classes />
    </Module>
    <Module skippedDueTo="Filter" hash="1B-51-0C-B1-99-FC-21-E9-8D-41-45-3E-7E-E8-65-C1-F0-C7-F2-C6">
      <ModulePath>C:\Program Files\dotnet\shared\Microsoft.NETCore.App\2.2.5\System.ServiceModel.Web.dll</ModulePath>
      <ModuleTime>2019-04-17T13:12:02Z</ModuleTime>
      <ModuleName>System.ServiceModel.Web</ModuleName>
      <Classes />
    </Module>
    <Module skippedDueTo="Filter" hash="9E-6B-34-9F-CB-D8-EF-DC-55-0C-75-28-45-7B-F1-30-F4-00-B3-40">
      <ModulePath>C:\Program Files\dotnet\shared\Microsoft.NETCore.App\2.2.5\System.ServiceProcess.dll</ModulePath>
      <ModuleTime>2019-04-17T13:12:02Z</ModuleTime>
      <ModuleName>System.ServiceProcess</ModuleName>
      <Classes />
    </Module>
    <Module skippedDueTo="Filter" hash="EB-D2-24-16-24-3D-4B-C6-4F-3E-11-5E-1C-B9-56-AE-28-2A-27-41">
      <ModulePath>C:\Program Files\dotnet\shared\Microsoft.NETCore.App\2.2.5\System.Threading.Tasks.Dataflow.dll</ModulePath>
      <ModuleTime>2019-04-17T13:12:02Z</ModuleTime>
      <ModuleName>System.Threading.Tasks.Dataflow</ModuleName>
      <Classes />
    </Module>
    <Module skippedDueTo="Filter" hash="B8-F4-8A-F6-B2-93-9A-0C-20-53-AB-2D-A0-73-F9-6F-4E-58-6F-C4">
      <ModulePath>C:\Program Files\dotnet\shared\Microsoft.NETCore.App\2.2.5\System.Threading.Tasks.Extensions.dll</ModulePath>
      <ModuleTime>2019-04-17T13:12:02Z</ModuleTime>
      <ModuleName>System.Threading.Tasks.Extensions</ModuleName>
      <Classes />
    </Module>
    <Module skippedDueTo="Filter" hash="4D-7E-78-4B-78-AE-A9-E9-C5-F4-ED-C0-8C-FE-2B-7E-19-96-E6-30">
      <ModulePath>C:\Program Files\dotnet\shared\Microsoft.NETCore.App\2.2.5\System.Threading.Tasks.Parallel.dll</ModulePath>
      <ModuleTime>2019-04-17T13:12:02Z</ModuleTime>
      <ModuleName>System.Threading.Tasks.Parallel</ModuleName>
      <Classes />
    </Module>
    <Module skippedDueTo="Filter" hash="88-37-FE-C7-AB-33-40-AD-4F-47-A9-32-3C-22-73-5F-6F-93-3D-72">
      <ModulePath>C:\Program Files\dotnet\shared\Microsoft.NETCore.App\2.2.5\System.Transactions.dll</ModulePath>
      <ModuleTime>2019-04-17T13:12:02Z</ModuleTime>
      <ModuleName>System.Transactions</ModuleName>
      <Classes />
    </Module>
    <Module skippedDueTo="Filter" hash="2E-BE-49-25-90-27-22-85-10-87-13-A4-7D-68-9B-3C-57-12-E8-4A">
      <ModulePath>C:\Program Files\dotnet\shared\Microsoft.NETCore.App\2.2.5\System.ValueTuple.dll</ModulePath>
      <ModuleTime>2019-04-17T13:12:02Z</ModuleTime>
      <ModuleName>System.ValueTuple</ModuleName>
      <Classes />
    </Module>
    <Module skippedDueTo="Filter" hash="7A-4C-8C-94-BB-CD-A1-C7-A0-9F-41-36-FF-9D-13-5C-E0-5A-0E-D6">
      <ModulePath>C:\Program Files\dotnet\shared\Microsoft.NETCore.App\2.2.5\System.Web.HttpUtility.dll</ModulePath>
      <ModuleTime>2019-04-17T13:12:02Z</ModuleTime>
      <ModuleName>System.Web.HttpUtility</ModuleName>
      <Classes />
    </Module>
    <Module skippedDueTo="Filter" hash="DE-11-B6-04-BB-36-AE-09-79-58-18-31-63-E1-C1-4B-96-C2-5F-55">
      <ModulePath>C:\Program Files\dotnet\shared\Microsoft.NETCore.App\2.2.5\System.Web.dll</ModulePath>
      <ModuleTime>2019-04-17T13:12:02Z</ModuleTime>
      <ModuleName>System.Web</ModuleName>
      <Classes />
    </Module>
    <Module skippedDueTo="Filter" hash="71-46-0A-29-19-E4-1A-DB-CA-81-49-4B-01-00-7C-F0-5D-97-C8-80">
      <ModulePath>C:\Program Files\dotnet\shared\Microsoft.NETCore.App\2.2.5\System.Windows.dll</ModulePath>
      <ModuleTime>2019-04-17T13:12:02Z</ModuleTime>
      <ModuleName>System.Windows</ModuleName>
      <Classes />
    </Module>
    <Module skippedDueTo="Filter" hash="62-2A-9A-0B-2D-F8-4C-10-C8-EB-77-38-F3-9F-80-25-74-87-71-59">
      <ModulePath>C:\Program Files\dotnet\shared\Microsoft.NETCore.App\2.2.5\System.Xml.Linq.dll</ModulePath>
      <ModuleTime>2019-04-17T13:12:02Z</ModuleTime>
      <ModuleName>System.Xml.Linq</ModuleName>
      <Classes />
    </Module>
    <Module skippedDueTo="Filter" hash="C4-83-1B-68-E2-75-A4-8F-2A-81-43-1C-71-9F-30-C9-07-E6-64-20">
      <ModulePath>C:\Program Files\dotnet\shared\Microsoft.NETCore.App\2.2.5\System.Xml.Serialization.dll</ModulePath>
      <ModuleTime>2019-04-17T13:12:02Z</ModuleTime>
      <ModuleName>System.Xml.Serialization</ModuleName>
      <Classes />
    </Module>
    <Module skippedDueTo="Filter" hash="AC-78-4A-B4-47-69-77-C4-8D-2C-E2-7D-B5-94-12-AB-A3-BF-29-63">
      <ModulePath>C:\Program Files\dotnet\shared\Microsoft.NETCore.App\2.2.5\System.Xml.XPath.XDocument.dll</ModulePath>
      <ModuleTime>2019-04-17T13:12:02Z</ModuleTime>
      <ModuleName>System.Xml.XPath.XDocument</ModuleName>
      <Classes />
    </Module>
    <Module skippedDueTo="Filter" hash="82-02-70-8F-B7-C8-9A-1C-9A-A3-9D-43-AE-79-53-D0-FE-5B-B1-CA">
      <ModulePath>C:\Program Files\dotnet\shared\Microsoft.NETCore.App\2.2.5\System.Xml.XmlSerializer.dll</ModulePath>
      <ModuleTime>2019-04-17T13:12:02Z</ModuleTime>
      <ModuleName>System.Xml.XmlSerializer</ModuleName>
      <Classes />
    </Module>
    <Module skippedDueTo="Filter" hash="79-C8-39-5A-D7-77-4F-C4-64-1E-45-96-D8-8E-0D-B2-2E-43-1A-61">
      <ModulePath>C:\Program Files\dotnet\shared\Microsoft.NETCore.App\2.2.5\System.Xml.dll</ModulePath>
      <ModuleTime>2019-04-17T13:12:02Z</ModuleTime>
      <ModuleName>System.Xml</ModuleName>
      <Classes />
    </Module>
    <Module skippedDueTo="Filter" hash="0A-2C-A7-CE-B0-C0-E3-F7-25-D3-34-C1-2D-EB-22-40-8F-3E-84-18">
      <ModulePath>C:\Program Files\dotnet\shared\Microsoft.NETCore.App\2.2.5\System.dll</ModulePath>
      <ModuleTime>2019-04-17T13:12:02Z</ModuleTime>
      <ModuleName>System</ModuleName>
      <Classes />
    </Module>
    <Module skippedDueTo="Filter" hash="EE-73-39-56-FD-98-54-BF-72-1E-37-34-2C-C6-DD-3B-EF-2F-67-EE">
      <ModulePath>C:\Program Files\dotnet\shared\Microsoft.NETCore.App\2.2.5\WindowsBase.dll</ModulePath>
      <ModuleTime>2019-04-17T13:12:02Z</ModuleTime>
      <ModuleName>WindowsBase</ModuleName>
      <Classes />
    </Module>
    <Module skippedDueTo="Filter" hash="2B-0E-C4-2C-54-CA-19-66-1A-7E-27-2A-03-A3-92-F0-59-0C-D6-9D">
      <ModulePath>C:\Users\arjunsinh\source\repos\Splitwise\Splitwise.Repository.Test\bin\Debug\netcoreapp2.2\xunit.runner.reporters.netcoreapp10.dll</ModulePath>
      <ModuleTime>2018-10-28T22:47:14Z</ModuleTime>
      <ModuleName>xunit.runner.reporters.netcoreapp10</ModuleName>
      <Classes />
    </Module>
    <Module skippedDueTo="Filter" hash="81-48-8E-CA-A5-B9-7A-0F-00-04-D9-05-3D-F8-9B-C8-CC-66-86-A7">
      <ModulePath>C:\Users\arjunsinh\source\repos\Splitwise\Splitwise.Repository.Test\bin\Debug\netcoreapp2.2\xunit.runner.visualstudio.dotnetcore.testadapter.dll</ModulePath>
      <ModuleTime>2018-10-28T22:47:12Z</ModuleTime>
      <ModuleName>xunit.runner.visualstudio.dotnetcore.testadapter</ModuleName>
      <Classes />
    </Module>
    <Module skippedDueTo="Filter" hash="">
      <ModulePath>RefEmit_InMemoryManifestModule</ModulePath>
      <ModuleTime>0001-01-01T00:00:00</ModuleTime>
      <ModuleName>DynamicProxyGenAssembly2</ModuleName>
      <Classes />
    </Module>
    <Module skippedDueTo="Filter" hash="">
      <ModulePath>RefEmit_InMemoryManifestModule</ModulePath>
      <ModuleTime>0001-01-01T00:00:00</ModuleTime>
      <ModuleName>DynamicProxyGenAssembly2</ModuleName>
      <Classes />
    </Module>
    <Module skippedDueTo="Filter" hash="1E-59-17-CF-8D-A0-6D-B9-2C-B0-AF-65-0B-55-E0-A4-59-12-3B-F2">
      <ModulePath>C:\Program Files\dotnet\shared\Microsoft.NETCore.App\2.2.5\System.ComponentModel.dll</ModulePath>
      <ModuleTime>2019-04-17T13:12:00Z</ModuleTime>
      <ModuleName>System.ComponentModel</ModuleName>
      <Classes />
    </Module>
  </Modules>
</CoverageSession>